[5.082s] DEBUG:colcon:Command line arguments: ['/usr/bin/colcon', 'build']
[5.082s] DEBUG:colcon:Parsed command line arguments: Namespace(allow_overriding=[], ament_cmake_args=None, base_paths=['.'], build_base='build', catkin_cmake_args=None, catkin_skip_building_tests=False, cmake_args=None, cmake_clean_cache=False, cmake_clean_first=False, cmake_force_configure=False, cmake_target=None, cmake_target_skip_unavailable=False, continue_on_error=False, event_handlers=None, executor='parallel', ignore_user_meta=False, install_base='install', log_base=None, log_level=None, main=<bound method BuildVerb.main of <colcon_core.verb.build.BuildVerb object at 0x7f8d96a113d0>>, merge_install=False, metas=['./colcon.meta'], packages_above=None, packages_above_and_dependencies=None, packages_above_depth=None, packages_end=None, packages_ignore=None, packages_ignore_regex=None, packages_select=None, packages_select_build_failed=False, packages_select_by_dep=None, packages_select_regex=None, packages_select_test_failures=False, packages_skip=None, packages_skip_build_finished=False, packages_skip_by_dep=None, packages_skip_regex=None, packages_skip_test_passed=False, packages_skip_up_to=None, packages_start=None, packages_up_to=None, packages_up_to_regex=None, parallel_workers=8, paths=None, symlink_install=False, test_result_base=None, verb_extension=<colcon_core.verb.build.BuildVerb object at 0x7f8d96a113d0>, verb_name='build', verb_parser=<colcon_defaults.argument_parser.defaults.DefaultArgumentsDecorator object at 0x7f8d9685cf10>)
[5.280s] Level 1:colcon.colcon_core.package_discovery:discover_packages(colcon_meta) check parameters
[5.280s] Level 1:colcon.colcon_core.package_discovery:discover_packages(recursive) check parameters
[5.280s] Level 1:colcon.colcon_core.package_discovery:discover_packages(ignore) check parameters
[5.280s] Level 1:colcon.colcon_core.package_discovery:discover_packages(path) check parameters
[5.280s] Level 1:colcon.colcon_core.package_discovery:discover_packages(colcon_meta) discover
[5.280s] Level 1:colcon.colcon_core.package_discovery:discover_packages(recursive) discover
[5.280s] INFO:colcon.colcon_core.package_discovery:Crawling recursively for packages in '/home/imen/ros_test'
[5.280s] Level 1:colcon.colcon_core.package_identification:_identify(.) by extensions ['ignore', 'ignore_ament_install']
[5.281s] Level 1:colcon.colcon_core.package_identification:_identify(.) by extension 'ignore'
[5.281s] Level 1:colcon.colcon_core.package_identification:_identify(.) by extension 'ignore_ament_install'
[5.281s] Level 1:colcon.colcon_core.package_identification:_identify(.) by extensions ['colcon_pkg']
[5.281s] Level 1:colcon.colcon_core.package_identification:_identify(.) by extension 'colcon_pkg'
[5.281s] Level 1:colcon.colcon_core.package_identification:_identify(.) by extensions ['colcon_meta']
[5.281s] Level 1:colcon.colcon_core.package_identification:_identify(.) by extension 'colcon_meta'
[5.281s] Level 1:colcon.colcon_core.package_identification:_identify(.) by extensions ['ros']
[5.281s] Level 1:colcon.colcon_core.package_identification:_identify(.) by extension 'ros'
[5.291s] Level 1:colcon.colcon_core.package_identification:_identify(.) by extensions ['cmake', 'python']
[5.291s] Level 1:colcon.colcon_core.package_identification:_identify(.) by extension 'cmake'
[5.291s] Level 1:colcon.colcon_core.package_identification:_identify(.) by extension 'python'
[5.291s] Level 1:colcon.colcon_core.package_identification:_identify(.) by extensions ['python_setup_py']
[5.291s] Level 1:colcon.colcon_core.package_identification:_identify(.) by extension 'python_setup_py'
[5.291s] Level 1:colcon.colcon_core.package_identification:_identify(build) by extensions ['ignore', 'ignore_ament_install']
[5.291s] Level 1:colcon.colcon_core.package_identification:_identify(build) by extension 'ignore'
[5.291s] Level 1:colcon.colcon_core.package_identification:_identify(build) ignored
[5.291s] Level 1:colcon.colcon_core.package_identification:_identify(install) by extensions ['ignore', 'ignore_ament_install']
[5.291s] Level 1:colcon.colcon_core.package_identification:_identify(install) by extension 'ignore'
[5.291s] Level 1:colcon.colcon_core.package_identification:_identify(install) ignored
[5.291s] Level 1:colcon.colcon_core.package_identification:_identify(log) by extensions ['ignore', 'ignore_ament_install']
[5.291s] Level 1:colcon.colcon_core.package_identification:_identify(log) by extension 'ignore'
[5.292s] Level 1:colcon.colcon_core.package_identification:_identify(log) ignored
[5.292s] Level 1:colcon.colcon_core.package_identification:_identify(src) by extensions ['ignore', 'ignore_ament_install']
[5.292s] Level 1:colcon.colcon_core.package_identification:_identify(src) by extension 'ignore'
[5.292s] Level 1:colcon.colcon_core.package_identification:_identify(src) by extension 'ignore_ament_install'
[5.292s] Level 1:colcon.colcon_core.package_identification:_identify(src) by extensions ['colcon_pkg']
[5.292s] Level 1:colcon.colcon_core.package_identification:_identify(src) by extension 'colcon_pkg'
[5.292s] Level 1:colcon.colcon_core.package_identification:_identify(src) by extensions ['colcon_meta']
[5.292s] Level 1:colcon.colcon_core.package_identification:_identify(src) by extension 'colcon_meta'
[5.292s] Level 1:colcon.colcon_core.package_identification:_identify(src) by extensions ['ros']
[5.292s] Level 1:colcon.colcon_core.package_identification:_identify(src) by extension 'ros'
[5.292s] Level 1:colcon.colcon_core.package_identification:_identify(src) by extensions ['cmake', 'python']
[5.292s] Level 1:colcon.colcon_core.package_identification:_identify(src) by extension 'cmake'
[5.292s] Level 1:colcon.colcon_core.package_identification:_identify(src) by extension 'python'
[5.292s] Level 1:colcon.colcon_core.package_identification:_identify(src) by extensions ['python_setup_py']
[5.292s] Level 1:colcon.colcon_core.package_identification:_identify(src) by extension 'python_setup_py'
[5.292s] Level 1:colcon.colcon_core.package_identification:_identify(src/my_robot_bringup) by extensions ['ignore', 'ignore_ament_install']
[5.292s] Level 1:colcon.colcon_core.package_identification:_identify(src/my_robot_bringup) by extension 'ignore'
[5.293s] Level 1:colcon.colcon_core.package_identification:_identify(src/my_robot_bringup) by extension 'ignore_ament_install'
[5.293s] Level 1:colcon.colcon_core.package_identification:_identify(src/my_robot_bringup) by extensions ['colcon_pkg']
[5.293s] Level 1:colcon.colcon_core.package_identification:_identify(src/my_robot_bringup) by extension 'colcon_pkg'
[5.293s] Level 1:colcon.colcon_core.package_identification:_identify(src/my_robot_bringup) by extensions ['colcon_meta']
[5.293s] Level 1:colcon.colcon_core.package_identification:_identify(src/my_robot_bringup) by extension 'colcon_meta'
[5.293s] Level 1:colcon.colcon_core.package_identification:_identify(src/my_robot_bringup) by extensions ['ros']
[5.293s] Level 1:colcon.colcon_core.package_identification:_identify(src/my_robot_bringup) by extension 'ros'
[5.296s] DEBUG:colcon.colcon_core.package_identification:Package 'src/my_robot_bringup' with type 'ros.ament_cmake' and name 'my_robot_bringup'
[5.296s] Level 1:colcon.colcon_core.package_identification:_identify(src/my_robot_description) by extensions ['ignore', 'ignore_ament_install']
[5.296s] Level 1:colcon.colcon_core.package_identification:_identify(src/my_robot_description) by extension 'ignore'
[5.296s] Level 1:colcon.colcon_core.package_identification:_identify(src/my_robot_description) by extension 'ignore_ament_install'
[5.296s] Level 1:colcon.colcon_core.package_identification:_identify(src/my_robot_description) by extensions ['colcon_pkg']
[5.296s] Level 1:colcon.colcon_core.package_identification:_identify(src/my_robot_description) by extension 'colcon_pkg'
[5.296s] Level 1:colcon.colcon_core.package_identification:_identify(src/my_robot_description) by extensions ['colcon_meta']
[5.296s] Level 1:colcon.colcon_core.package_identification:_identify(src/my_robot_description) by extension 'colcon_meta'
[5.296s] Level 1:colcon.colcon_core.package_identification:_identify(src/my_robot_description) by extensions ['ros']
[5.296s] Level 1:colcon.colcon_core.package_identification:_identify(src/my_robot_description) by extension 'ros'
[5.297s] DEBUG:colcon.colcon_core.package_identification:Package 'src/my_robot_description' with type 'ros.ament_cmake' and name 'my_robot_description'
[5.297s] Level 1:colcon.colcon_core.package_discovery:discover_packages(recursive) using defaults
[5.297s] Level 1:colcon.colcon_core.package_discovery:discover_packages(ignore) discover
[5.297s] Level 1:colcon.colcon_core.package_discovery:discover_packages(ignore) using defaults
[5.297s] Level 1:colcon.colcon_core.package_discovery:discover_packages(path) discover
[5.297s] Level 1:colcon.colcon_core.package_discovery:discover_packages(path) using defaults
[5.779s] Level 1:colcon.colcon_core.package_discovery:discover_packages(prefix_path) check parameters
[5.779s] Level 1:colcon.colcon_core.package_discovery:discover_packages(prefix_path) discover
[5.977s] DEBUG:colcon.colcon_installed_package_information.package_discovery:Found 3 installed packages in /home/imen/ros_test/install
[6.065s] DEBUG:colcon.colcon_installed_package_information.package_discovery:Found 371 installed packages in /opt/ros/foxy
[6.067s] Level 1:colcon.colcon_core.package_discovery:discover_packages(prefix_path) using defaults
[6.331s] Level 5:colcon.colcon_core.verb:set package 'my_robot_description' build argument 'cmake_args' from command line to 'None'
[6.331s] Level 5:colcon.colcon_core.verb:set package 'my_robot_description' build argument 'cmake_target' from command line to 'None'
[6.331s] Level 5:colcon.colcon_core.verb:set package 'my_robot_description' build argument 'cmake_target_skip_unavailable' from command line to 'False'
[6.331s] Level 5:colcon.colcon_core.verb:set package 'my_robot_description' build argument 'cmake_clean_cache' from command line to 'False'
[6.331s] Level 5:colcon.colcon_core.verb:set package 'my_robot_description' build argument 'cmake_clean_first' from command line to 'False'
[6.331s] Level 5:colcon.colcon_core.verb:set package 'my_robot_description' build argument 'cmake_force_configure' from command line to 'False'
[6.331s] Level 5:colcon.colcon_core.verb:set package 'my_robot_description' build argument 'ament_cmake_args' from command line to 'None'
[6.331s] Level 5:colcon.colcon_core.verb:set package 'my_robot_description' build argument 'catkin_cmake_args' from command line to 'None'
[6.331s] Level 5:colcon.colcon_core.verb:set package 'my_robot_description' build argument 'catkin_skip_building_tests' from command line to 'False'
[6.331s] DEBUG:colcon.colcon_core.verb:Building package 'my_robot_description' with the following arguments: {'ament_cmake_args': None, 'build_base': '/home/imen/ros_test/build/my_robot_description', 'catkin_cmake_args': None, 'catkin_skip_building_tests': False, 'cmake_args': None, 'cmake_clean_cache': False, 'cmake_clean_first': False, 'cmake_force_configure': False, 'cmake_target': None, 'cmake_target_skip_unavailable': False, 'install_base': '/home/imen/ros_test/install/my_robot_description', 'merge_install': False, 'path': '/home/imen/ros_test/src/my_robot_description', 'symlink_install': False, 'test_result_base': None}
[6.418s] Level 5:colcon.colcon_core.verb:set package 'my_robot_bringup' build argument 'cmake_args' from command line to 'None'
[6.418s] Level 5:colcon.colcon_core.verb:set package 'my_robot_bringup' build argument 'cmake_target' from command line to 'None'
[6.418s] Level 5:colcon.colcon_core.verb:set package 'my_robot_bringup' build argument 'cmake_target_skip_unavailable' from command line to 'False'
[6.418s] Level 5:colcon.colcon_core.verb:set package 'my_robot_bringup' build argument 'cmake_clean_cache' from command line to 'False'
[6.418s] Level 5:colcon.colcon_core.verb:set package 'my_robot_bringup' build argument 'cmake_clean_first' from command line to 'False'
[6.418s] Level 5:colcon.colcon_core.verb:set package 'my_robot_bringup' build argument 'cmake_force_configure' from command line to 'False'
[6.418s] Level 5:colcon.colcon_core.verb:set package 'my_robot_bringup' build argument 'ament_cmake_args' from command line to 'None'
[6.418s] Level 5:colcon.colcon_core.verb:set package 'my_robot_bringup' build argument 'catkin_cmake_args' from command line to 'None'
[6.418s] Level 5:colcon.colcon_core.verb:set package 'my_robot_bringup' build argument 'catkin_skip_building_tests' from command line to 'False'
[6.418s] DEBUG:colcon.colcon_core.verb:Building package 'my_robot_bringup' with the following arguments: {'ament_cmake_args': None, 'build_base': '/home/imen/ros_test/build/my_robot_bringup', 'catkin_cmake_args': None, 'catkin_skip_building_tests': False, 'cmake_args': None, 'cmake_clean_cache': False, 'cmake_clean_first': False, 'cmake_force_configure': False, 'cmake_target': None, 'cmake_target_skip_unavailable': False, 'install_base': '/home/imen/ros_test/install/my_robot_bringup', 'merge_install': False, 'path': '/home/imen/ros_test/src/my_robot_bringup', 'symlink_install': False, 'test_result_base': None}
[6.505s] INFO:colcon.colcon_core.executor:Executing jobs using 'parallel' executor
[6.594s] DEBUG:colcon.colcon_parallel_executor.executor.parallel:run_until_complete
[6.594s] INFO:colcon.colcon_ros.task.ament_cmake.build:Building ROS package in '/home/imen/ros_test/src/my_robot_description' with build type 'ament_cmake'
[6.594s] INFO:colcon.colcon_cmake.task.cmake.build:Building CMake package in '/home/imen/ros_test/src/my_robot_description'
[6.688s] INFO:colcon.colcon_core.plugin_system:Skipping extension 'colcon_core.shell.bat': Not used on non-Windows systems
[6.688s] INFO:colcon.colcon_core.shell:Skip shell extension 'powershell' for command environment: Not usable outside of PowerShell
[6.688s] DEBUG:colcon.colcon_core.shell:Skip shell extension 'dsv' for command environment
[6.971s] DEBUG:colcon.colcon_core.event_handler.log_command:Invoking command in '/home/imen/ros_test/build/my_robot_description': CMAKE_PREFIX_PATH=${CMAKE_PREFIX_PATH}:/opt/ros/foxy /usr/bin/cmake --build /home/imen/ros_test/build/my_robot_description -- -j8 -l8
[7.005s] DEBUG:colcon.colcon_core.event_handler.log_command:Invoked command in '/home/imen/ros_test/build/my_robot_description' returned '0': CMAKE_PREFIX_PATH=${CMAKE_PREFIX_PATH}:/opt/ros/foxy /usr/bin/cmake --build /home/imen/ros_test/build/my_robot_description -- -j8 -l8
[7.034s] DEBUG:colcon.colcon_core.event_handler.log_command:Invoking command in '/home/imen/ros_test/build/my_robot_description': CMAKE_PREFIX_PATH=${CMAKE_PREFIX_PATH}:/opt/ros/foxy /usr/bin/cmake --install /home/imen/ros_test/build/my_robot_description
[7.044s] Level 1:colcon.colcon_core.environment:create_environment_scripts_only(my_robot_description)
[7.045s] DEBUG:colcon.colcon_core.event_handler.log_command:Invoked command in '/home/imen/ros_test/build/my_robot_description' returned '0': CMAKE_PREFIX_PATH=${CMAKE_PREFIX_PATH}:/opt/ros/foxy /usr/bin/cmake --install /home/imen/ros_test/build/my_robot_description
[7.145s] Level 1:colcon.colcon_core.environment:checking '/home/imen/ros_test/install/my_robot_description' for CMake module files
[7.146s] Level 1:colcon.colcon_core.environment:checking '/home/imen/ros_test/install/my_robot_description' for CMake config files
[7.146s] Level 1:colcon.colcon_core.shell:create_environment_hook('my_robot_description', 'cmake_prefix_path')
[7.236s] INFO:colcon.colcon_core.shell:Creating environment hook '/home/imen/ros_test/install/my_robot_description/share/my_robot_description/hook/cmake_prefix_path.ps1'
[7.237s] INFO:colcon.colcon_core.shell:Creating environment descriptor '/home/imen/ros_test/install/my_robot_description/share/my_robot_description/hook/cmake_prefix_path.dsv'
[7.237s] INFO:colcon.colcon_core.shell:Creating environment hook '/home/imen/ros_test/install/my_robot_description/share/my_robot_description/hook/cmake_prefix_path.sh'
[7.238s] Level 1:colcon.colcon_core.environment:checking '/home/imen/ros_test/install/my_robot_description/bin'
[7.238s] Level 1:colcon.colcon_core.environment:checking '/home/imen/ros_test/install/my_robot_description/lib/pkgconfig/my_robot_description.pc'
[7.238s] Level 1:colcon.colcon_core.environment:checking '/home/imen/ros_test/install/my_robot_description/lib/python3.8/site-packages'
[7.238s] Level 1:colcon.colcon_core.environment:checking '/home/imen/ros_test/install/my_robot_description/bin'
[7.330s] INFO:colcon.colcon_core.shell:Creating package script '/home/imen/ros_test/install/my_robot_description/share/my_robot_description/package.ps1'
[7.331s] INFO:colcon.colcon_core.shell:Creating package descriptor '/home/imen/ros_test/install/my_robot_description/share/my_robot_description/package.dsv'
[7.331s] INFO:colcon.colcon_core.shell:Creating package script '/home/imen/ros_test/install/my_robot_description/share/my_robot_description/package.sh'
[7.332s] INFO:colcon.colcon_core.shell:Creating package script '/home/imen/ros_test/install/my_robot_description/share/my_robot_description/package.bash'
[7.332s] INFO:colcon.colcon_core.shell:Creating package script '/home/imen/ros_test/install/my_robot_description/share/my_robot_description/package.zsh'
[7.333s] Level 1:colcon.colcon_core.environment:create_file_with_runtime_dependencies(/home/imen/ros_test/install/my_robot_description/share/colcon-core/packages/my_robot_description)
[7.443s] Level 1:colcon.colcon_core.environment:create_environment_scripts_only(my_robot_description)
[7.534s] Level 1:colcon.colcon_core.environment:checking '/home/imen/ros_test/install/my_robot_description' for CMake module files
[7.534s] Level 1:colcon.colcon_core.environment:checking '/home/imen/ros_test/install/my_robot_description' for CMake config files
[7.534s] Level 1:colcon.colcon_core.shell:create_environment_hook('my_robot_description', 'cmake_prefix_path')
[7.624s] INFO:colcon.colcon_core.shell:Creating environment hook '/home/imen/ros_test/install/my_robot_description/share/my_robot_description/hook/cmake_prefix_path.ps1'
[7.624s] INFO:colcon.colcon_core.shell:Creating environment descriptor '/home/imen/ros_test/install/my_robot_description/share/my_robot_description/hook/cmake_prefix_path.dsv'
[7.625s] INFO:colcon.colcon_core.shell:Creating environment hook '/home/imen/ros_test/install/my_robot_description/share/my_robot_description/hook/cmake_prefix_path.sh'
[7.625s] Level 1:colcon.colcon_core.environment:checking '/home/imen/ros_test/install/my_robot_description/bin'
[7.625s] Level 1:colcon.colcon_core.environment:checking '/home/imen/ros_test/install/my_robot_description/lib/pkgconfig/my_robot_description.pc'
[7.625s] Level 1:colcon.colcon_core.environment:checking '/home/imen/ros_test/install/my_robot_description/lib/python3.8/site-packages'
[7.625s] Level 1:colcon.colcon_core.environment:checking '/home/imen/ros_test/install/my_robot_description/bin'
[7.716s] INFO:colcon.colcon_core.shell:Creating package script '/home/imen/ros_test/install/my_robot_description/share/my_robot_description/package.ps1'
[7.717s] INFO:colcon.colcon_core.shell:Creating package descriptor '/home/imen/ros_test/install/my_robot_description/share/my_robot_description/package.dsv'
[7.717s] INFO:colcon.colcon_core.shell:Creating package script '/home/imen/ros_test/install/my_robot_description/share/my_robot_description/package.sh'
[7.718s] INFO:colcon.colcon_core.shell:Creating package script '/home/imen/ros_test/install/my_robot_description/share/my_robot_description/package.bash'
[7.718s] INFO:colcon.colcon_core.shell:Creating package script '/home/imen/ros_test/install/my_robot_description/share/my_robot_description/package.zsh'
[7.718s] Level 1:colcon.colcon_core.environment:create_file_with_runtime_dependencies(/home/imen/ros_test/install/my_robot_description/share/colcon-core/packages/my_robot_description)
[7.719s] INFO:colcon.colcon_ros.task.ament_cmake.build:Building ROS package in '/home/imen/ros_test/src/my_robot_bringup' with build type 'ament_cmake'
[7.719s] INFO:colcon.colcon_cmake.task.cmake.build:Building CMake package in '/home/imen/ros_test/src/my_robot_bringup'
[7.819s] INFO:colcon.colcon_core.shell:Skip shell extension 'powershell' for command environment: Not usable outside of PowerShell
[7.820s] DEBUG:colcon.colcon_core.shell:Skip shell extension 'dsv' for command environment
[8.101s] DEBUG:colcon.colcon_core.event_handler.log_command:Invoking command in '/home/imen/ros_test/build/my_robot_bringup': CMAKE_PREFIX_PATH=/home/imen/ros_test/install/my_robot_description:/home/imen/ros_test/install/my_robot_bringup:/opt/ros/foxy /usr/bin/cmake --build /home/imen/ros_test/build/my_robot_bringup -- -j8 -l8
[8.134s] DEBUG:colcon.colcon_core.event_handler.log_command:Invoked command in '/home/imen/ros_test/build/my_robot_bringup' returned '0': CMAKE_PREFIX_PATH=/home/imen/ros_test/install/my_robot_description:/home/imen/ros_test/install/my_robot_bringup:/opt/ros/foxy /usr/bin/cmake --build /home/imen/ros_test/build/my_robot_bringup -- -j8 -l8
[8.153s] DEBUG:colcon.colcon_core.event_handler.log_command:Invoking command in '/home/imen/ros_test/build/my_robot_bringup': CMAKE_PREFIX_PATH=/home/imen/ros_test/install/my_robot_description:/home/imen/ros_test/install/my_robot_bringup:/opt/ros/foxy /usr/bin/cmake --install /home/imen/ros_test/build/my_robot_bringup
[8.164s] Level 1:colcon.colcon_core.environment:create_environment_scripts_only(my_robot_bringup)
[8.164s] DEBUG:colcon.colcon_core.event_handler.log_command:Invoked command in '/home/imen/ros_test/build/my_robot_bringup' returned '0': CMAKE_PREFIX_PATH=/home/imen/ros_test/install/my_robot_description:/home/imen/ros_test/install/my_robot_bringup:/opt/ros/foxy /usr/bin/cmake --install /home/imen/ros_test/build/my_robot_bringup
[8.261s] Level 1:colcon.colcon_core.environment:checking '/home/imen/ros_test/install/my_robot_bringup' for CMake module files
[8.262s] Level 1:colcon.colcon_core.environment:checking '/home/imen/ros_test/install/my_robot_bringup' for CMake config files
[8.262s] Level 1:colcon.colcon_core.shell:create_environment_hook('my_robot_bringup', 'cmake_prefix_path')
[8.353s] INFO:colcon.colcon_core.shell:Creating environment hook '/home/imen/ros_test/install/my_robot_bringup/share/my_robot_bringup/hook/cmake_prefix_path.ps1'
[8.353s] INFO:colcon.colcon_core.shell:Creating environment descriptor '/home/imen/ros_test/install/my_robot_bringup/share/my_robot_bringup/hook/cmake_prefix_path.dsv'
[8.354s] INFO:colcon.colcon_core.shell:Creating environment hook '/home/imen/ros_test/install/my_robot_bringup/share/my_robot_bringup/hook/cmake_prefix_path.sh'
[8.354s] Level 1:colcon.colcon_core.environment:checking '/home/imen/ros_test/install/my_robot_bringup/bin'
[8.354s] Level 1:colcon.colcon_core.environment:checking '/home/imen/ros_test/install/my_robot_bringup/lib/pkgconfig/my_robot_bringup.pc'
[8.354s] Level 1:colcon.colcon_core.environment:checking '/home/imen/ros_test/install/my_robot_bringup/lib/python3.8/site-packages'
[8.355s] Level 1:colcon.colcon_core.environment:checking '/home/imen/ros_test/install/my_robot_bringup/bin'
[8.445s] INFO:colcon.colcon_core.shell:Creating package script '/home/imen/ros_test/install/my_robot_bringup/share/my_robot_bringup/package.ps1'
[8.446s] INFO:colcon.colcon_core.shell:Creating package descriptor '/home/imen/ros_test/install/my_robot_bringup/share/my_robot_bringup/package.dsv'
[8.446s] INFO:colcon.colcon_core.shell:Creating package script '/home/imen/ros_test/install/my_robot_bringup/share/my_robot_bringup/package.sh'
[8.447s] INFO:colcon.colcon_core.shell:Creating package script '/home/imen/ros_test/install/my_robot_bringup/share/my_robot_bringup/package.bash'
[8.447s] INFO:colcon.colcon_core.shell:Creating package script '/home/imen/ros_test/install/my_robot_bringup/share/my_robot_bringup/package.zsh'
[8.447s] Level 1:colcon.colcon_core.environment:create_file_with_runtime_dependencies(/home/imen/ros_test/install/my_robot_bringup/share/colcon-core/packages/my_robot_bringup)
[8.558s] Level 1:colcon.colcon_core.environment:create_environment_scripts_only(my_robot_bringup)
[8.649s] Level 1:colcon.colcon_core.environment:checking '/home/imen/ros_test/install/my_robot_bringup' for CMake module files
[8.650s] Level 1:colcon.colcon_core.environment:checking '/home/imen/ros_test/install/my_robot_bringup' for CMake config files
[8.650s] Level 1:colcon.colcon_core.shell:create_environment_hook('my_robot_bringup', 'cmake_prefix_path')
[8.739s] INFO:colcon.colcon_core.shell:Creating environment hook '/home/imen/ros_test/install/my_robot_bringup/share/my_robot_bringup/hook/cmake_prefix_path.ps1'
[8.739s] INFO:colcon.colcon_core.shell:Creating environment descriptor '/home/imen/ros_test/install/my_robot_bringup/share/my_robot_bringup/hook/cmake_prefix_path.dsv'
[8.740s] INFO:colcon.colcon_core.shell:Creating environment hook '/home/imen/ros_test/install/my_robot_bringup/share/my_robot_bringup/hook/cmake_prefix_path.sh'
[8.740s] Level 1:colcon.colcon_core.environment:checking '/home/imen/ros_test/install/my_robot_bringup/bin'
[8.740s] Level 1:colcon.colcon_core.environment:checking '/home/imen/ros_test/install/my_robot_bringup/lib/pkgconfig/my_robot_bringup.pc'
[8.741s] Level 1:colcon.colcon_core.environment:checking '/home/imen/ros_test/install/my_robot_bringup/lib/python3.8/site-packages'
[8.741s] Level 1:colcon.colcon_core.environment:checking '/home/imen/ros_test/install/my_robot_bringup/bin'
[8.832s] INFO:colcon.colcon_core.shell:Creating package script '/home/imen/ros_test/install/my_robot_bringup/share/my_robot_bringup/package.ps1'
[8.832s] INFO:colcon.colcon_core.shell:Creating package descriptor '/home/imen/ros_test/install/my_robot_bringup/share/my_robot_bringup/package.dsv'
[8.832s] INFO:colcon.colcon_core.shell:Creating package script '/home/imen/ros_test/install/my_robot_bringup/share/my_robot_bringup/package.sh'
[8.833s] INFO:colcon.colcon_core.shell:Creating package script '/home/imen/ros_test/install/my_robot_bringup/share/my_robot_bringup/package.bash'
[8.833s] INFO:colcon.colcon_core.shell:Creating package script '/home/imen/ros_test/install/my_robot_bringup/share/my_robot_bringup/package.zsh'
[8.833s] Level 1:colcon.colcon_core.environment:create_file_with_runtime_dependencies(/home/imen/ros_test/install/my_robot_bringup/share/colcon-core/packages/my_robot_bringup)
[8.834s] DEBUG:colcon.colcon_parallel_executor.executor.parallel:closing loop
[8.834s] DEBUG:colcon.colcon_parallel_executor.executor.parallel:loop closed
[8.834s] DEBUG:colcon.colcon_parallel_executor.executor.parallel:run_until_complete finished with '0'
[8.834s] DEBUG:colcon.colcon_core.event_reactor:joining thread
[8.931s] INFO:colcon.colcon_core.plugin_system:Skipping extension 'colcon_notification.desktop_notification.terminal_notifier': Not used on non-Darwin systems
[8.931s] INFO:colcon.colcon_core.plugin_system:Skipping extension 'colcon_notification.desktop_notification.win32': Not used on non-Windows systems
[8.931s] INFO:colcon.colcon_notification.desktop_notification:Sending desktop notification using 'notify2'
[8.943s] DEBUG:colcon.colcon_core.event_reactor:joined thread
[9.045s] INFO:colcon.colcon_core.shell:Creating prefix script '/home/imen/ros_test/install/local_setup.ps1'
[9.046s] INFO:colcon.colcon_core.shell:Creating prefix util module '/home/imen/ros_test/install/_local_setup_util_ps1.py'
[9.047s] INFO:colcon.colcon_core.shell:Creating prefix chain script '/home/imen/ros_test/install/setup.ps1'
[9.144s] INFO:colcon.colcon_core.shell:Creating prefix script '/home/imen/ros_test/install/local_setup.sh'
[9.144s] INFO:colcon.colcon_core.shell:Creating prefix util module '/home/imen/ros_test/install/_local_setup_util_sh.py'
[9.145s] INFO:colcon.colcon_core.shell:Creating prefix chain script '/home/imen/ros_test/install/setup.sh'
[9.236s] INFO:colcon.colcon_core.shell:Creating prefix script '/home/imen/ros_test/install/local_setup.bash'
[9.237s] INFO:colcon.colcon_core.shell:Creating prefix chain script '/home/imen/ros_test/install/setup.bash'
[9.328s] INFO:colcon.colcon_core.shell:Creating prefix script '/home/imen/ros_test/install/local_setup.zsh'
[9.328s] INFO:colcon.colcon_core.shell:Creating prefix chain script '/home/imen/ros_test/install/setup.zsh'
