[0.701s] Invoking command in '/home/imen/ros_test/build/my_robot_description': CMAKE_PREFIX_PATH=/opt/ros/foxy /usr/bin/cmake /home/imen/ros_test/src/my_robot_description -DCMAKE_INSTALL_PREFIX=/home/imen/ros_test/install/my_robot_description
[0.806s] -- The C compiler identification is GNU 9.4.0
[0.909s] -- The CXX compiler identification is GNU 9.4.0
[0.918s] -- Check for working C compiler: /usr/bin/cc
[1.072s] -- Check for working C compiler: /usr/bin/cc -- works
[1.072s] -- Detecting C compiler ABI info
[1.227s] -- Detecting C compiler ABI info - done
[1.257s] -- Detecting C compile features
[1.258s] -- Detecting C compile features - done
[1.265s] -- Check for working CXX compiler: /usr/bin/c++
[1.411s] -- Check for working CXX compiler: /usr/bin/c++ -- works
[1.415s] -- Detecting CXX compiler ABI info
[1.566s] -- Detecting CXX compiler ABI info - done
[1.594s] -- Detecting CXX compile features
[1.595s] -- Detecting CXX compile features - done
[1.600s] -- Found ament_cmake: 0.9.12 (/opt/ros/foxy/share/ament_cmake/cmake)
[1.648s] -- Found PythonInterp: /usr/bin/python3 (found suitable version "3.8.10", minimum required is "3") 
[1.649s] -- Using PYTHON_EXECUTABLE: /usr/bin/python3
[2.194s] -- Configuring done
[2.199s] -- Generating done
[2.202s] -- Build files have been written to: /home/imen/ros_test/build/my_robot_description
[2.209s] Invoked command in '/home/imen/ros_test/build/my_robot_description' returned '0': CMAKE_PREFIX_PATH=/opt/ros/foxy /usr/bin/cmake /home/imen/ros_test/src/my_robot_description -DCMAKE_INSTALL_PREFIX=/home/imen/ros_test/install/my_robot_description
[2.215s] Invoking command in '/home/imen/ros_test/build/my_robot_description': CMAKE_PREFIX_PATH=/opt/ros/foxy /usr/bin/cmake --build /home/imen/ros_test/build/my_robot_description -- -j8 -l8
[2.284s] Invoked command in '/home/imen/ros_test/build/my_robot_description' returned '0': CMAKE_PREFIX_PATH=/opt/ros/foxy /usr/bin/cmake --build /home/imen/ros_test/build/my_robot_description -- -j8 -l8
[2.343s] Invoking command in '/home/imen/ros_test/build/my_robot_description': CMAKE_PREFIX_PATH=/opt/ros/foxy /usr/bin/cmake --install /home/imen/ros_test/build/my_robot_description
[2.359s] -- Install configuration: ""
[2.359s] -- Installing: /home/imen/ros_test/install/my_robot_description/share/my_robot_description//urdf
[2.359s] -- Installing: /home/imen/ros_test/install/my_robot_description/share/my_robot_description//urdf/mobile_base.xacro
[2.360s] -- Installing: /home/imen/ros_test/install/my_robot_description/share/my_robot_description//urdf/my_robot.urdf.xacro
[2.360s] -- Installing: /home/imen/ros_test/install/my_robot_description/share/my_robot_description//urdf/mobile_base_gazebo.xacro
[2.360s] -- Installing: /home/imen/ros_test/install/my_robot_description/share/my_robot_description//urdf/common_properties.xacro
[2.360s] -- Installing: /home/imen/ros_test/install/my_robot_description/share/my_robot_description//launch
[2.361s] -- Installing: /home/imen/ros_test/install/my_robot_description/share/my_robot_description//launch/display.launch.py
[2.361s] -- Installing: /home/imen/ros_test/install/my_robot_description/share/my_robot_description//launch/display.launch.xml
[2.361s] -- Installing: /home/imen/ros_test/install/my_robot_description/share/my_robot_description//rviz
[2.361s] -- Installing: /home/imen/ros_test/install/my_robot_description/share/my_robot_description//rviz/urdf_config.rviz
[2.361s] -- Installing: /home/imen/ros_test/install/my_robot_description/share/ament_index/resource_index/package_run_dependencies/my_robot_description
[2.362s] -- Installing: /home/imen/ros_test/install/my_robot_description/share/ament_index/resource_index/parent_prefix_path/my_robot_description
[2.362s] -- Installing: /home/imen/ros_test/install/my_robot_description/share/my_robot_description/environment/ament_prefix_path.sh
[2.362s] -- Installing: /home/imen/ros_test/install/my_robot_description/share/my_robot_description/environment/ament_prefix_path.dsv
[2.362s] -- Installing: /home/imen/ros_test/install/my_robot_description/share/my_robot_description/environment/path.sh
[2.363s] -- Installing: /home/imen/ros_test/install/my_robot_description/share/my_robot_description/environment/path.dsv
[2.363s] -- Installing: /home/imen/ros_test/install/my_robot_description/share/my_robot_description/local_setup.bash
[2.363s] -- Installing: /home/imen/ros_test/install/my_robot_description/share/my_robot_description/local_setup.sh
[2.363s] -- Installing: /home/imen/ros_test/install/my_robot_description/share/my_robot_description/local_setup.zsh
[2.364s] -- Installing: /home/imen/ros_test/install/my_robot_description/share/my_robot_description/local_setup.dsv
[2.364s] -- Installing: /home/imen/ros_test/install/my_robot_description/share/my_robot_description/package.dsv
[2.364s] -- Installing: /home/imen/ros_test/install/my_robot_description/share/ament_index/resource_index/packages/my_robot_description
[2.365s] -- Installing: /home/imen/ros_test/install/my_robot_description/share/my_robot_description/cmake/my_robot_descriptionConfig.cmake
[2.365s] -- Installing: /home/imen/ros_test/install/my_robot_description/share/my_robot_description/cmake/my_robot_descriptionConfig-version.cmake
[2.365s] -- Installing: /home/imen/ros_test/install/my_robot_description/share/my_robot_description/package.xml
[2.369s] Invoked command in '/home/imen/ros_test/build/my_robot_description' returned '0': CMAKE_PREFIX_PATH=/opt/ros/foxy /usr/bin/cmake --install /home/imen/ros_test/build/my_robot_description
