[0.577s] Invoking command in '/home/imen/ros_test/build/my_robot_description': CMAKE_PREFIX_PATH=${CMAKE_PREFIX_PATH}:/opt/ros/foxy /usr/bin/cmake --build /home/imen/ros_test/build/my_robot_description -- -j8 -l8
[0.622s] Invoked command in '/home/imen/ros_test/build/my_robot_description' returned '0': CMAKE_PREFIX_PATH=${CMAKE_PREFIX_PATH}:/opt/ros/foxy /usr/bin/cmake --build /home/imen/ros_test/build/my_robot_description -- -j8 -l8
[0.661s] Invoking command in '/home/imen/ros_test/build/my_robot_description': CMAKE_PREFIX_PATH=${CMAKE_PREFIX_PATH}:/opt/ros/foxy /usr/bin/cmake --install /home/imen/ros_test/build/my_robot_description
[0.671s] -- Install configuration: ""
[0.671s] -- Up-to-date: /home/imen/ros_test/install/my_robot_description/share/my_robot_description//urdf
[0.671s] -- Up-to-date: /home/imen/ros_test/install/my_robot_description/share/my_robot_description//urdf/mobile_base.xacro
[0.671s] -- Up-to-date: /home/imen/ros_test/install/my_robot_description/share/my_robot_description//urdf/camera.xacro
[0.672s] -- Up-to-date: /home/imen/ros_test/install/my_robot_description/share/my_robot_description//urdf/lidar.xacro
[0.672s] -- Installing: /home/imen/ros_test/install/my_robot_description/share/my_robot_description//urdf/my_robot.urdf.xacro
[0.672s] -- Up-to-date: /home/imen/ros_test/install/my_robot_description/share/my_robot_description//urdf/mobile_base_gazebo.xacro
[0.672s] -- Up-to-date: /home/imen/ros_test/install/my_robot_description/share/my_robot_description//urdf/common_properties.xacro
[0.672s] -- Up-to-date: /home/imen/ros_test/install/my_robot_description/share/my_robot_description//launch
[0.672s] -- Up-to-date: /home/imen/ros_test/install/my_robot_description/share/my_robot_description//launch/display.launch.py
[0.673s] -- Up-to-date: /home/imen/ros_test/install/my_robot_description/share/my_robot_description//launch/display.launch.xml
[0.673s] -- Up-to-date: /home/imen/ros_test/install/my_robot_description/share/my_robot_description//rviz
[0.673s] -- Up-to-date: /home/imen/ros_test/install/my_robot_description/share/my_robot_description//rviz/urdf_config.rviz
[0.673s] -- Up-to-date: /home/imen/ros_test/install/my_robot_description/share/ament_index/resource_index/package_run_dependencies/my_robot_description
[0.673s] -- Up-to-date: /home/imen/ros_test/install/my_robot_description/share/ament_index/resource_index/parent_prefix_path/my_robot_description
[0.673s] -- Up-to-date: /home/imen/ros_test/install/my_robot_description/share/my_robot_description/environment/ament_prefix_path.sh
[0.674s] -- Up-to-date: /home/imen/ros_test/install/my_robot_description/share/my_robot_description/environment/ament_prefix_path.dsv
[0.674s] -- Up-to-date: /home/imen/ros_test/install/my_robot_description/share/my_robot_description/environment/path.sh
[0.674s] -- Up-to-date: /home/imen/ros_test/install/my_robot_description/share/my_robot_description/environment/path.dsv
[0.674s] -- Up-to-date: /home/imen/ros_test/install/my_robot_description/share/my_robot_description/local_setup.bash
[0.675s] -- Up-to-date: /home/imen/ros_test/install/my_robot_description/share/my_robot_description/local_setup.sh
[0.675s] -- Up-to-date: /home/imen/ros_test/install/my_robot_description/share/my_robot_description/local_setup.zsh
[0.675s] -- Up-to-date: /home/imen/ros_test/install/my_robot_description/share/my_robot_description/local_setup.dsv
[0.675s] -- Installing: /home/imen/ros_test/install/my_robot_description/share/my_robot_description/package.dsv
[0.676s] -- Up-to-date: /home/imen/ros_test/install/my_robot_description/share/ament_index/resource_index/packages/my_robot_description
[0.676s] -- Up-to-date: /home/imen/ros_test/install/my_robot_description/share/my_robot_description/cmake/my_robot_descriptionConfig.cmake
[0.677s] -- Up-to-date: /home/imen/ros_test/install/my_robot_description/share/my_robot_description/cmake/my_robot_descriptionConfig-version.cmake
[0.677s] -- Up-to-date: /home/imen/ros_test/install/my_robot_description/share/my_robot_description/package.xml
[0.677s] Invoked command in '/home/imen/ros_test/build/my_robot_description' returned '0': CMAKE_PREFIX_PATH=${CMAKE_PREFIX_PATH}:/opt/ros/foxy /usr/bin/cmake --install /home/imen/ros_test/build/my_robot_description
