[11.842s] DEBUG:colcon:Command line arguments: ['/usr/bin/colcon', 'build']
[11.842s] DEBUG:colcon:Parsed command line arguments: Namespace(allow_overriding=[], ament_cmake_args=None, base_paths=['.'], build_base='build', catkin_cmake_args=None, catkin_skip_building_tests=False, cmake_args=None, cmake_clean_cache=False, cmake_clean_first=False, cmake_force_configure=False, cmake_target=None, cmake_target_skip_unavailable=False, continue_on_error=False, event_handlers=None, executor='parallel', ignore_user_meta=False, install_base='install', log_base=None, log_level=None, main=<bound method BuildVerb.main of <colcon_core.verb.build.BuildVerb object at 0x7f5ea89b4400>>, merge_install=False, metas=['./colcon.meta'], packages_above=None, packages_above_and_dependencies=None, packages_above_depth=None, packages_end=None, packages_ignore=None, packages_ignore_regex=None, packages_select=None, packages_select_build_failed=False, packages_select_by_dep=None, packages_select_regex=None, packages_select_test_failures=False, packages_skip=None, packages_skip_build_finished=False, packages_skip_by_dep=None, packages_skip_regex=None, packages_skip_test_passed=False, packages_skip_up_to=None, packages_start=None, packages_up_to=None, packages_up_to_regex=None, parallel_workers=8, paths=None, symlink_install=False, test_result_base=None, verb_extension=<colcon_core.verb.build.BuildVerb object at 0x7f5ea89b4400>, verb_name='build', verb_parser=<colcon_defaults.argument_parser.defaults.DefaultArgumentsDecorator object at 0x7f5ea8802f40>)
[12.316s] Level 1:colcon.colcon_core.package_discovery:discover_packages(colcon_meta) check parameters
[12.316s] Level 1:colcon.colcon_core.package_discovery:discover_packages(recursive) check parameters
[12.316s] Level 1:colcon.colcon_core.package_discovery:discover_packages(ignore) check parameters
[12.316s] Level 1:colcon.colcon_core.package_discovery:discover_packages(path) check parameters
[12.316s] Level 1:colcon.colcon_core.package_discovery:discover_packages(colcon_meta) discover
[12.316s] Level 1:colcon.colcon_core.package_discovery:discover_packages(recursive) discover
[12.317s] INFO:colcon.colcon_core.package_discovery:Crawling recursively for packages in '/home/imen/ros_test'
[12.317s] Level 1:colcon.colcon_core.package_identification:_identify(.) by extensions ['ignore', 'ignore_ament_install']
[12.317s] Level 1:colcon.colcon_core.package_identification:_identify(.) by extension 'ignore'
[12.317s] Level 1:colcon.colcon_core.package_identification:_identify(.) by extension 'ignore_ament_install'
[12.317s] Level 1:colcon.colcon_core.package_identification:_identify(.) by extensions ['colcon_pkg']
[12.317s] Level 1:colcon.colcon_core.package_identification:_identify(.) by extension 'colcon_pkg'
[12.317s] Level 1:colcon.colcon_core.package_identification:_identify(.) by extensions ['colcon_meta']
[12.317s] Level 1:colcon.colcon_core.package_identification:_identify(.) by extension 'colcon_meta'
[12.318s] Level 1:colcon.colcon_core.package_identification:_identify(.) by extensions ['ros']
[12.318s] Level 1:colcon.colcon_core.package_identification:_identify(.) by extension 'ros'
[12.340s] Level 1:colcon.colcon_core.package_identification:_identify(.) by extensions ['cmake', 'python']
[12.341s] Level 1:colcon.colcon_core.package_identification:_identify(.) by extension 'cmake'
[12.341s] Level 1:colcon.colcon_core.package_identification:_identify(.) by extension 'python'
[12.341s] Level 1:colcon.colcon_core.package_identification:_identify(.) by extensions ['python_setup_py']
[12.341s] Level 1:colcon.colcon_core.package_identification:_identify(.) by extension 'python_setup_py'
[12.341s] Level 1:colcon.colcon_core.package_identification:_identify(build) by extensions ['ignore', 'ignore_ament_install']
[12.341s] Level 1:colcon.colcon_core.package_identification:_identify(build) by extension 'ignore'
[12.342s] Level 1:colcon.colcon_core.package_identification:_identify(build) ignored
[12.342s] Level 1:colcon.colcon_core.package_identification:_identify(install) by extensions ['ignore', 'ignore_ament_install']
[12.342s] Level 1:colcon.colcon_core.package_identification:_identify(install) by extension 'ignore'
[12.342s] Level 1:colcon.colcon_core.package_identification:_identify(install) ignored
[12.342s] Level 1:colcon.colcon_core.package_identification:_identify(log) by extensions ['ignore', 'ignore_ament_install']
[12.343s] Level 1:colcon.colcon_core.package_identification:_identify(log) by extension 'ignore'
[12.343s] Level 1:colcon.colcon_core.package_identification:_identify(log) ignored
[12.343s] Level 1:colcon.colcon_core.package_identification:_identify(src) by extensions ['ignore', 'ignore_ament_install']
[12.343s] Level 1:colcon.colcon_core.package_identification:_identify(src) by extension 'ignore'
[12.343s] Level 1:colcon.colcon_core.package_identification:_identify(src) by extension 'ignore_ament_install'
[12.343s] Level 1:colcon.colcon_core.package_identification:_identify(src) by extensions ['colcon_pkg']
[12.343s] Level 1:colcon.colcon_core.package_identification:_identify(src) by extension 'colcon_pkg'
[12.344s] Level 1:colcon.colcon_core.package_identification:_identify(src) by extensions ['colcon_meta']
[12.344s] Level 1:colcon.colcon_core.package_identification:_identify(src) by extension 'colcon_meta'
[12.344s] Level 1:colcon.colcon_core.package_identification:_identify(src) by extensions ['ros']
[12.344s] Level 1:colcon.colcon_core.package_identification:_identify(src) by extension 'ros'
[12.344s] Level 1:colcon.colcon_core.package_identification:_identify(src) by extensions ['cmake', 'python']
[12.344s] Level 1:colcon.colcon_core.package_identification:_identify(src) by extension 'cmake'
[12.344s] Level 1:colcon.colcon_core.package_identification:_identify(src) by extension 'python'
[12.344s] Level 1:colcon.colcon_core.package_identification:_identify(src) by extensions ['python_setup_py']
[12.344s] Level 1:colcon.colcon_core.package_identification:_identify(src) by extension 'python_setup_py'
[12.344s] Level 1:colcon.colcon_core.package_identification:_identify(src/my_robot_bringup) by extensions ['ignore', 'ignore_ament_install']
[12.345s] Level 1:colcon.colcon_core.package_identification:_identify(src/my_robot_bringup) by extension 'ignore'
[12.345s] Level 1:colcon.colcon_core.package_identification:_identify(src/my_robot_bringup) by extension 'ignore_ament_install'
[12.345s] Level 1:colcon.colcon_core.package_identification:_identify(src/my_robot_bringup) by extensions ['colcon_pkg']
[12.345s] Level 1:colcon.colcon_core.package_identification:_identify(src/my_robot_bringup) by extension 'colcon_pkg'
[12.345s] Level 1:colcon.colcon_core.package_identification:_identify(src/my_robot_bringup) by extensions ['colcon_meta']
[12.345s] Level 1:colcon.colcon_core.package_identification:_identify(src/my_robot_bringup) by extension 'colcon_meta'
[12.345s] Level 1:colcon.colcon_core.package_identification:_identify(src/my_robot_bringup) by extensions ['ros']
[12.345s] Level 1:colcon.colcon_core.package_identification:_identify(src/my_robot_bringup) by extension 'ros'
[12.351s] DEBUG:colcon.colcon_core.package_identification:Package 'src/my_robot_bringup' with type 'ros.ament_cmake' and name 'my_robot_bringup'
[12.352s] Level 1:colcon.colcon_core.package_identification:_identify(src/my_robot_description) by extensions ['ignore', 'ignore_ament_install']
[12.352s] Level 1:colcon.colcon_core.package_identification:_identify(src/my_robot_description) by extension 'ignore'
[12.352s] Level 1:colcon.colcon_core.package_identification:_identify(src/my_robot_description) by extension 'ignore_ament_install'
[12.352s] Level 1:colcon.colcon_core.package_identification:_identify(src/my_robot_description) by extensions ['colcon_pkg']
[12.352s] Level 1:colcon.colcon_core.package_identification:_identify(src/my_robot_description) by extension 'colcon_pkg'
[12.352s] Level 1:colcon.colcon_core.package_identification:_identify(src/my_robot_description) by extensions ['colcon_meta']
[12.352s] Level 1:colcon.colcon_core.package_identification:_identify(src/my_robot_description) by extension 'colcon_meta'
[12.352s] Level 1:colcon.colcon_core.package_identification:_identify(src/my_robot_description) by extensions ['ros']
[12.353s] Level 1:colcon.colcon_core.package_identification:_identify(src/my_robot_description) by extension 'ros'
[12.353s] DEBUG:colcon.colcon_core.package_identification:Package 'src/my_robot_description' with type 'ros.ament_cmake' and name 'autris_description'
[12.354s] Level 1:colcon.colcon_core.package_discovery:discover_packages(recursive) using defaults
[12.354s] Level 1:colcon.colcon_core.package_discovery:discover_packages(ignore) discover
[12.354s] Level 1:colcon.colcon_core.package_discovery:discover_packages(ignore) using defaults
[12.354s] Level 1:colcon.colcon_core.package_discovery:discover_packages(path) discover
[12.354s] Level 1:colcon.colcon_core.package_discovery:discover_packages(path) using defaults
[13.485s] Level 1:colcon.colcon_core.package_discovery:discover_packages(prefix_path) check parameters
[13.485s] Level 1:colcon.colcon_core.package_discovery:discover_packages(prefix_path) discover
[13.933s] DEBUG:colcon.colcon_installed_package_information.package_discovery:Found 371 installed packages in /opt/ros/foxy
[13.937s] Level 1:colcon.colcon_core.package_discovery:discover_packages(prefix_path) using defaults
[14.556s] Level 5:colcon.colcon_core.verb:set package 'autris_description' build argument 'cmake_args' from command line to 'None'
[14.556s] Level 5:colcon.colcon_core.verb:set package 'autris_description' build argument 'cmake_target' from command line to 'None'
[14.556s] Level 5:colcon.colcon_core.verb:set package 'autris_description' build argument 'cmake_target_skip_unavailable' from command line to 'False'
[14.556s] Level 5:colcon.colcon_core.verb:set package 'autris_description' build argument 'cmake_clean_cache' from command line to 'False'
[14.556s] Level 5:colcon.colcon_core.verb:set package 'autris_description' build argument 'cmake_clean_first' from command line to 'False'
[14.556s] Level 5:colcon.colcon_core.verb:set package 'autris_description' build argument 'cmake_force_configure' from command line to 'False'
[14.556s] Level 5:colcon.colcon_core.verb:set package 'autris_description' build argument 'ament_cmake_args' from command line to 'None'
[14.556s] Level 5:colcon.colcon_core.verb:set package 'autris_description' build argument 'catkin_cmake_args' from command line to 'None'
[14.556s] Level 5:colcon.colcon_core.verb:set package 'autris_description' build argument 'catkin_skip_building_tests' from command line to 'False'
[14.556s] DEBUG:colcon.colcon_core.verb:Building package 'autris_description' with the following arguments: {'ament_cmake_args': None, 'build_base': '/home/imen/ros_test/build/autris_description', 'catkin_cmake_args': None, 'catkin_skip_building_tests': False, 'cmake_args': None, 'cmake_clean_cache': False, 'cmake_clean_first': False, 'cmake_force_configure': False, 'cmake_target': None, 'cmake_target_skip_unavailable': False, 'install_base': '/home/imen/ros_test/install/autris_description', 'merge_install': False, 'path': '/home/imen/ros_test/src/my_robot_description', 'symlink_install': False, 'test_result_base': None}
[14.768s] Level 5:colcon.colcon_core.verb:set package 'my_robot_bringup' build argument 'cmake_args' from command line to 'None'
[14.768s] Level 5:colcon.colcon_core.verb:set package 'my_robot_bringup' build argument 'cmake_target' from command line to 'None'
[14.768s] Level 5:colcon.colcon_core.verb:set package 'my_robot_bringup' build argument 'cmake_target_skip_unavailable' from command line to 'False'
[14.768s] Level 5:colcon.colcon_core.verb:set package 'my_robot_bringup' build argument 'cmake_clean_cache' from command line to 'False'
[14.768s] Level 5:colcon.colcon_core.verb:set package 'my_robot_bringup' build argument 'cmake_clean_first' from command line to 'False'
[14.768s] Level 5:colcon.colcon_core.verb:set package 'my_robot_bringup' build argument 'cmake_force_configure' from command line to 'False'
[14.768s] Level 5:colcon.colcon_core.verb:set package 'my_robot_bringup' build argument 'ament_cmake_args' from command line to 'None'
[14.768s] Level 5:colcon.colcon_core.verb:set package 'my_robot_bringup' build argument 'catkin_cmake_args' from command line to 'None'
[14.768s] Level 5:colcon.colcon_core.verb:set package 'my_robot_bringup' build argument 'catkin_skip_building_tests' from command line to 'False'
[14.769s] DEBUG:colcon.colcon_core.verb:Building package 'my_robot_bringup' with the following arguments: {'ament_cmake_args': None, 'build_base': '/home/imen/ros_test/build/my_robot_bringup', 'catkin_cmake_args': None, 'catkin_skip_building_tests': False, 'cmake_args': None, 'cmake_clean_cache': False, 'cmake_clean_first': False, 'cmake_force_configure': False, 'cmake_target': None, 'cmake_target_skip_unavailable': False, 'install_base': '/home/imen/ros_test/install/my_robot_bringup', 'merge_install': False, 'path': '/home/imen/ros_test/src/my_robot_bringup', 'symlink_install': False, 'test_result_base': None}
[14.978s] INFO:colcon.colcon_core.executor:Executing jobs using 'parallel' executor
[15.188s] DEBUG:colcon.colcon_parallel_executor.executor.parallel:run_until_complete
[15.189s] INFO:colcon.colcon_ros.task.ament_cmake.build:Building ROS package in '/home/imen/ros_test/src/my_robot_description' with build type 'ament_cmake'
[15.189s] INFO:colcon.colcon_cmake.task.cmake.build:Building CMake package in '/home/imen/ros_test/src/my_robot_description'
[15.406s] INFO:colcon.colcon_core.plugin_system:Skipping extension 'colcon_core.shell.bat': Not used on non-Windows systems
[15.406s] INFO:colcon.colcon_core.shell:Skip shell extension 'powershell' for command environment: Not usable outside of PowerShell
[15.406s] DEBUG:colcon.colcon_core.shell:Skip shell extension 'dsv' for command environment
[15.843s] INFO:colcon.colcon_ros.task.ament_cmake.build:Building ROS package in '/home/imen/ros_test/src/my_robot_bringup' with build type 'ament_cmake'
[15.844s] INFO:colcon.colcon_cmake.task.cmake.build:Building CMake package in '/home/imen/ros_test/src/my_robot_bringup'
[16.061s] INFO:colcon.colcon_core.shell:Skip shell extension 'powershell' for command environment: Not usable outside of PowerShell
[16.061s] DEBUG:colcon.colcon_core.shell:Skip shell extension 'dsv' for command environment
[16.515s] DEBUG:colcon.colcon_core.event_handler.log_command:Invoking command in '/home/imen/ros_test/build/autris_description': CMAKE_PREFIX_PATH=/opt/ros/foxy /usr/bin/cmake /home/imen/ros_test/src/my_robot_description -DCMAKE_INSTALL_PREFIX=/home/imen/ros_test/install/autris_description
[16.528s] DEBUG:colcon.colcon_core.event_handler.log_command:Invoking command in '/home/imen/ros_test/build/my_robot_bringup': CMAKE_PREFIX_PATH=/opt/ros/foxy /usr/bin/cmake /home/imen/ros_test/src/my_robot_bringup -DCMAKE_INSTALL_PREFIX=/home/imen/ros_test/install/my_robot_bringup
[18.137s] DEBUG:colcon.colcon_core.event_handler.log_command:Invoked command in '/home/imen/ros_test/build/autris_description' returned '1': CMAKE_PREFIX_PATH=/opt/ros/foxy /usr/bin/cmake /home/imen/ros_test/src/my_robot_description -DCMAKE_INSTALL_PREFIX=/home/imen/ros_test/install/autris_description
[18.151s] DEBUG:colcon.colcon_core.event_handler.log_command:Invoked command in '/home/imen/ros_test/build/my_robot_bringup' returned '0': CMAKE_PREFIX_PATH=/opt/ros/foxy /usr/bin/cmake /home/imen/ros_test/src/my_robot_bringup -DCMAKE_INSTALL_PREFIX=/home/imen/ros_test/install/my_robot_bringup
[18.158s] DEBUG:colcon.colcon_core.event_handler.log_command:Invoking command in '/home/imen/ros_test/build/my_robot_bringup': CMAKE_PREFIX_PATH=/opt/ros/foxy /usr/bin/cmake --build /home/imen/ros_test/build/my_robot_bringup -- -j8 -l8
[18.166s] Level 1:colcon.colcon_core.environment:create_environment_scripts_only(autris_description)
[18.397s] Level 1:colcon.colcon_core.environment:checking '/home/imen/ros_test/install/autris_description' for CMake module files
[18.398s] Level 1:colcon.colcon_core.environment:checking '/home/imen/ros_test/install/autris_description' for CMake config files
[18.399s] Level 1:colcon.colcon_core.environment:checking '/home/imen/ros_test/install/autris_description/bin'
[18.399s] Level 1:colcon.colcon_core.environment:checking '/home/imen/ros_test/install/autris_description/lib/pkgconfig/autris_description.pc'
[18.399s] Level 1:colcon.colcon_core.environment:checking '/home/imen/ros_test/install/autris_description/lib/python3.8/site-packages'
[18.400s] Level 1:colcon.colcon_core.environment:checking '/home/imen/ros_test/install/autris_description/bin'
[18.617s] INFO:colcon.colcon_core.shell:Creating package script '/home/imen/ros_test/install/autris_description/share/autris_description/package.ps1'
[18.619s] INFO:colcon.colcon_core.shell:Creating package descriptor '/home/imen/ros_test/install/autris_description/share/autris_description/package.dsv'
[18.620s] INFO:colcon.colcon_core.shell:Creating package script '/home/imen/ros_test/install/autris_description/share/autris_description/package.sh'
[18.621s] INFO:colcon.colcon_core.shell:Creating package script '/home/imen/ros_test/install/autris_description/share/autris_description/package.bash'
[18.624s] INFO:colcon.colcon_core.shell:Creating package script '/home/imen/ros_test/install/autris_description/share/autris_description/package.zsh'
[18.625s] Level 1:colcon.colcon_core.environment:create_file_with_runtime_dependencies(/home/imen/ros_test/install/autris_description/share/colcon-core/packages/autris_description)
[18.638s] DEBUG:colcon.colcon_parallel_executor.executor.parallel:closing loop
[18.638s] DEBUG:colcon.colcon_parallel_executor.executor.parallel:loop closed
[18.638s] DEBUG:colcon.colcon_parallel_executor.executor.parallel:run_until_complete finished with '1'
[18.639s] DEBUG:colcon.colcon_core.event_reactor:joining thread
[18.874s] INFO:colcon.colcon_core.plugin_system:Skipping extension 'colcon_notification.desktop_notification.terminal_notifier': Not used on non-Darwin systems
[18.874s] INFO:colcon.colcon_core.plugin_system:Skipping extension 'colcon_notification.desktop_notification.win32': Not used on non-Windows systems
[18.874s] INFO:colcon.colcon_notification.desktop_notification:Sending desktop notification using 'notify2'
[18.903s] DEBUG:colcon.colcon_core.event_reactor:joined thread
[19.127s] INFO:colcon.colcon_core.shell:Creating prefix script '/home/imen/ros_test/install/local_setup.ps1'
[19.129s] INFO:colcon.colcon_core.shell:Creating prefix util module '/home/imen/ros_test/install/_local_setup_util_ps1.py'
[19.132s] INFO:colcon.colcon_core.shell:Creating prefix chain script '/home/imen/ros_test/install/setup.ps1'
[19.348s] INFO:colcon.colcon_core.shell:Creating prefix script '/home/imen/ros_test/install/local_setup.sh'
[19.349s] INFO:colcon.colcon_core.shell:Creating prefix util module '/home/imen/ros_test/install/_local_setup_util_sh.py'
[19.350s] INFO:colcon.colcon_core.shell:Creating prefix chain script '/home/imen/ros_test/install/setup.sh'
[19.564s] INFO:colcon.colcon_core.shell:Creating prefix script '/home/imen/ros_test/install/local_setup.bash'
[19.565s] INFO:colcon.colcon_core.shell:Creating prefix chain script '/home/imen/ros_test/install/setup.bash'
[19.830s] INFO:colcon.colcon_core.shell:Creating prefix script '/home/imen/ros_test/install/local_setup.zsh'
[19.831s] INFO:colcon.colcon_core.shell:Creating prefix chain script '/home/imen/ros_test/install/setup.zsh'
