-- Install configuration: ""
-- Installing: /home/imen/ros_test/install/my_robot_bringup/share/my_robot_bringup//launch
-- Installing: /home/imen/ros_test/install/my_robot_bringup/share/my_robot_bringup//launch/my_robot_gazebo.launch.xml
-- Installing: /home/imen/ros_test/install/my_robot_bringup/share/my_robot_bringup//rviz
-- Installing: /home/imen/ros_test/install/my_robot_bringup/share/my_robot_bringup//rviz/urdf_config.rviz
-- Installing: /home/imen/ros_test/install/my_robot_bringup/share/my_robot_bringup//worlds
-- Installing: /home/imen/ros_test/install/my_robot_bringup/share/my_robot_bringup//worlds/test_world.world
-- Installing: /home/imen/ros_test/install/my_robot_bringup/share/ament_index/resource_index/package_run_dependencies/my_robot_bringup
-- Installing: /home/imen/ros_test/install/my_robot_bringup/share/ament_index/resource_index/parent_prefix_path/my_robot_bringup
-- Installing: /home/imen/ros_test/install/my_robot_bringup/share/my_robot_bringup/environment/ament_prefix_path.sh
-- Installing: /home/imen/ros_test/install/my_robot_bringup/share/my_robot_bringup/environment/ament_prefix_path.dsv
-- Installing: /home/imen/ros_test/install/my_robot_bringup/share/my_robot_bringup/environment/path.sh
-- Installing: /home/imen/ros_test/install/my_robot_bringup/share/my_robot_bringup/environment/path.dsv
-- Installing: /home/imen/ros_test/install/my_robot_bringup/share/my_robot_bringup/local_setup.bash
-- Installing: /home/imen/ros_test/install/my_robot_bringup/share/my_robot_bringup/local_setup.sh
-- Installing: /home/imen/ros_test/install/my_robot_bringup/share/my_robot_bringup/local_setup.zsh
-- Installing: /home/imen/ros_test/install/my_robot_bringup/share/my_robot_bringup/local_setup.dsv
-- Installing: /home/imen/ros_test/install/my_robot_bringup/share/my_robot_bringup/package.dsv
-- Installing: /home/imen/ros_test/install/my_robot_bringup/share/ament_index/resource_index/packages/my_robot_bringup
-- Installing: /home/imen/ros_test/install/my_robot_bringup/share/my_robot_bringup/cmake/my_robot_bringupConfig.cmake
-- Installing: /home/imen/ros_test/install/my_robot_bringup/share/my_robot_bringup/cmake/my_robot_bringupConfig-version.cmake
-- Installing: /home/imen/ros_test/install/my_robot_bringup/share/my_robot_bringup/package.xml
