[0.690s] Invoking command in '/home/imen/ros_test/build/my_robot_bringup': AMENT_PREFIX_PATH=/home/imen/ros_test/install/my_robot_description:${AMENT_PREFIX_PATH} CMAKE_PREFIX_PATH=/home/imen/ros_test/install/my_robot_description:/opt/ros/foxy /usr/bin/cmake --build /home/imen/ros_test/build/my_robot_bringup -- -j8 -l8
[0.758s] Invoked command in '/home/imen/ros_test/build/my_robot_bringup' returned '0': AMENT_PREFIX_PATH=/home/imen/ros_test/install/my_robot_description:${AMENT_PREFIX_PATH} CMAKE_PREFIX_PATH=/home/imen/ros_test/install/my_robot_description:/opt/ros/foxy /usr/bin/cmake --build /home/imen/ros_test/build/my_robot_bringup -- -j8 -l8
[0.796s] Invoking command in '/home/imen/ros_test/build/my_robot_bringup': AMENT_PREFIX_PATH=/home/imen/ros_test/install/my_robot_description:${AMENT_PREFIX_PATH} CMAKE_PREFIX_PATH=/home/imen/ros_test/install/my_robot_description:/opt/ros/foxy /usr/bin/cmake --install /home/imen/ros_test/build/my_robot_bringup
[0.815s] -- Install configuration: ""
[0.815s] -- Installing: /home/imen/ros_test/install/my_robot_bringup/share/my_robot_bringup//launch
[0.815s] -- Installing: /home/imen/ros_test/install/my_robot_bringup/share/my_robot_bringup//launch/my_robot_gazebo.launch.xml
[0.815s] -- Installing: /home/imen/ros_test/install/my_robot_bringup/share/my_robot_bringup//rviz
[0.815s] -- Installing: /home/imen/ros_test/install/my_robot_bringup/share/my_robot_bringup//rviz/urdf_config.rviz
[0.816s] -- Installing: /home/imen/ros_test/install/my_robot_bringup/share/my_robot_bringup//worlds
[0.816s] -- Installing: /home/imen/ros_test/install/my_robot_bringup/share/my_robot_bringup//worlds/test_world.world
[0.816s] -- Installing: /home/imen/ros_test/install/my_robot_bringup/share/ament_index/resource_index/package_run_dependencies/my_robot_bringup
[0.816s] -- Installing: /home/imen/ros_test/install/my_robot_bringup/share/ament_index/resource_index/parent_prefix_path/my_robot_bringup
[0.816s] -- Installing: /home/imen/ros_test/install/my_robot_bringup/share/my_robot_bringup/environment/ament_prefix_path.sh
[0.817s] -- Installing: /home/imen/ros_test/install/my_robot_bringup/share/my_robot_bringup/environment/ament_prefix_path.dsv
[0.817s] -- Installing: /home/imen/ros_test/install/my_robot_bringup/share/my_robot_bringup/environment/path.sh
[0.817s] -- Installing: /home/imen/ros_test/install/my_robot_bringup/share/my_robot_bringup/environment/path.dsv
[0.818s] -- Installing: /home/imen/ros_test/install/my_robot_bringup/share/my_robot_bringup/local_setup.bash
[0.818s] -- Installing: /home/imen/ros_test/install/my_robot_bringup/share/my_robot_bringup/local_setup.sh
[0.818s] -- Installing: /home/imen/ros_test/install/my_robot_bringup/share/my_robot_bringup/local_setup.zsh
[0.819s] -- Installing: /home/imen/ros_test/install/my_robot_bringup/share/my_robot_bringup/local_setup.dsv
[0.819s] -- Installing: /home/imen/ros_test/install/my_robot_bringup/share/my_robot_bringup/package.dsv
[0.819s] -- Installing: /home/imen/ros_test/install/my_robot_bringup/share/ament_index/resource_index/packages/my_robot_bringup
[0.819s] -- Installing: /home/imen/ros_test/install/my_robot_bringup/share/my_robot_bringup/cmake/my_robot_bringupConfig.cmake
[0.819s] -- Installing: /home/imen/ros_test/install/my_robot_bringup/share/my_robot_bringup/cmake/my_robot_bringupConfig-version.cmake
[0.819s] -- Installing: /home/imen/ros_test/install/my_robot_bringup/share/my_robot_bringup/package.xml
[0.823s] Invoked command in '/home/imen/ros_test/build/my_robot_bringup' returned '0': AMENT_PREFIX_PATH=/home/imen/ros_test/install/my_robot_description:${AMENT_PREFIX_PATH} CMAKE_PREFIX_PATH=/home/imen/ros_test/install/my_robot_description:/opt/ros/foxy /usr/bin/cmake --install /home/imen/ros_test/build/my_robot_bringup
