[0.376s] Invoking command in '/home/imen/ros_test/build/my_robot_bringup': CMAKE_PREFIX_PATH=/home/imen/ros_test/install/my_robot_description:/home/imen/ros_test/install/my_robot_bringup:/opt/ros/foxy /usr/bin/cmake --build /home/imen/ros_test/build/my_robot_bringup -- -j8 -l8
[0.410s] Invoked command in '/home/imen/ros_test/build/my_robot_bringup' returned '0': CMAKE_PREFIX_PATH=/home/imen/ros_test/install/my_robot_description:/home/imen/ros_test/install/my_robot_bringup:/opt/ros/foxy /usr/bin/cmake --build /home/imen/ros_test/build/my_robot_bringup -- -j8 -l8
[0.428s] Invoking command in '/home/imen/ros_test/build/my_robot_bringup': CMAKE_PREFIX_PATH=/home/imen/ros_test/install/my_robot_description:/home/imen/ros_test/install/my_robot_bringup:/opt/ros/foxy /usr/bin/cmake --install /home/imen/ros_test/build/my_robot_bringup
[0.436s] -- Install configuration: ""
[0.436s] -- Up-to-date: /home/imen/ros_test/install/my_robot_bringup/share/my_robot_bringup//launch
[0.437s] -- Up-to-date: /home/imen/ros_test/install/my_robot_bringup/share/my_robot_bringup//launch/my_robot_gazebo.launch.xml
[0.437s] -- Up-to-date: /home/imen/ros_test/install/my_robot_bringup/share/my_robot_bringup//rviz
[0.437s] -- Up-to-date: /home/imen/ros_test/install/my_robot_bringup/share/my_robot_bringup//rviz/urdf_config.rviz
[0.437s] -- Up-to-date: /home/imen/ros_test/install/my_robot_bringup/share/my_robot_bringup//worlds
[0.437s] -- Up-to-date: /home/imen/ros_test/install/my_robot_bringup/share/my_robot_bringup//worlds/test_world.world
[0.437s] -- Up-to-date: /home/imen/ros_test/install/my_robot_bringup/share/ament_index/resource_index/package_run_dependencies/my_robot_bringup
[0.437s] -- Up-to-date: /home/imen/ros_test/install/my_robot_bringup/share/ament_index/resource_index/parent_prefix_path/my_robot_bringup
[0.437s] -- Up-to-date: /home/imen/ros_test/install/my_robot_bringup/share/my_robot_bringup/environment/ament_prefix_path.sh
[0.437s] -- Up-to-date: /home/imen/ros_test/install/my_robot_bringup/share/my_robot_bringup/environment/ament_prefix_path.dsv
[0.438s] -- Up-to-date: /home/imen/ros_test/install/my_robot_bringup/share/my_robot_bringup/environment/path.sh
[0.438s] -- Up-to-date: /home/imen/ros_test/install/my_robot_bringup/share/my_robot_bringup/environment/path.dsv
[0.438s] -- Up-to-date: /home/imen/ros_test/install/my_robot_bringup/share/my_robot_bringup/local_setup.bash
[0.438s] -- Up-to-date: /home/imen/ros_test/install/my_robot_bringup/share/my_robot_bringup/local_setup.sh
[0.438s] -- Up-to-date: /home/imen/ros_test/install/my_robot_bringup/share/my_robot_bringup/local_setup.zsh
[0.438s] -- Up-to-date: /home/imen/ros_test/install/my_robot_bringup/share/my_robot_bringup/local_setup.dsv
[0.438s] -- Installing: /home/imen/ros_test/install/my_robot_bringup/share/my_robot_bringup/package.dsv
[0.439s] -- Up-to-date: /home/imen/ros_test/install/my_robot_bringup/share/ament_index/resource_index/packages/my_robot_bringup
[0.439s] -- Up-to-date: /home/imen/ros_test/install/my_robot_bringup/share/my_robot_bringup/cmake/my_robot_bringupConfig.cmake
[0.439s] -- Up-to-date: /home/imen/ros_test/install/my_robot_bringup/share/my_robot_bringup/cmake/my_robot_bringupConfig-version.cmake
[0.440s] -- Up-to-date: /home/imen/ros_test/install/my_robot_bringup/share/my_robot_bringup/package.xml
[0.440s] Invoked command in '/home/imen/ros_test/build/my_robot_bringup' returned '0': CMAKE_PREFIX_PATH=/home/imen/ros_test/install/my_robot_description:/home/imen/ros_test/install/my_robot_bringup:/opt/ros/foxy /usr/bin/cmake --install /home/imen/ros_test/build/my_robot_bringup
