[12.021s] DEBUG:colcon:Command line arguments: ['/usr/bin/colcon', 'build']
[12.021s] DEBUG:colcon:Parsed command line arguments: Namespace(allow_overriding=[], ament_cmake_args=None, base_paths=['.'], build_base='build', catkin_cmake_args=None, catkin_skip_building_tests=False, cmake_args=None, cmake_clean_cache=False, cmake_clean_first=False, cmake_force_configure=False, cmake_target=None, cmake_target_skip_unavailable=False, continue_on_error=False, event_handlers=None, executor='parallel', ignore_user_meta=False, install_base='install', log_base=None, log_level=None, main=<bound method BuildVerb.main of <colcon_core.verb.build.BuildVerb object at 0x7fe94c1e8430>>, merge_install=False, metas=['./colcon.meta'], packages_above=None, packages_above_and_dependencies=None, packages_above_depth=None, packages_end=None, packages_ignore=None, packages_ignore_regex=None, packages_select=None, packages_select_build_failed=False, packages_select_by_dep=None, packages_select_regex=None, packages_select_test_failures=False, packages_skip=None, packages_skip_build_finished=False, packages_skip_by_dep=None, packages_skip_regex=None, packages_skip_test_passed=False, packages_skip_up_to=None, packages_start=None, packages_up_to=None, packages_up_to_regex=None, parallel_workers=8, paths=None, symlink_install=False, test_result_base=None, verb_extension=<colcon_core.verb.build.BuildVerb object at 0x7fe94c1e8430>, verb_name='build', verb_parser=<colcon_defaults.argument_parser.defaults.DefaultArgumentsDecorator object at 0x7fe94bfa0070>)
[12.529s] Level 1:colcon.colcon_core.package_discovery:discover_packages(colcon_meta) check parameters
[12.529s] Level 1:colcon.colcon_core.package_discovery:discover_packages(recursive) check parameters
[12.529s] Level 1:colcon.colcon_core.package_discovery:discover_packages(ignore) check parameters
[12.529s] Level 1:colcon.colcon_core.package_discovery:discover_packages(path) check parameters
[12.529s] Level 1:colcon.colcon_core.package_discovery:discover_packages(colcon_meta) discover
[12.530s] Level 1:colcon.colcon_core.package_discovery:discover_packages(recursive) discover
[12.530s] INFO:colcon.colcon_core.package_discovery:Crawling recursively for packages in '/home/imen/ros_test'
[12.530s] Level 1:colcon.colcon_core.package_identification:_identify(.) by extensions ['ignore', 'ignore_ament_install']
[12.530s] Level 1:colcon.colcon_core.package_identification:_identify(.) by extension 'ignore'
[12.530s] Level 1:colcon.colcon_core.package_identification:_identify(.) by extension 'ignore_ament_install'
[12.530s] Level 1:colcon.colcon_core.package_identification:_identify(.) by extensions ['colcon_pkg']
[12.530s] Level 1:colcon.colcon_core.package_identification:_identify(.) by extension 'colcon_pkg'
[12.531s] Level 1:colcon.colcon_core.package_identification:_identify(.) by extensions ['colcon_meta']
[12.531s] Level 1:colcon.colcon_core.package_identification:_identify(.) by extension 'colcon_meta'
[12.531s] Level 1:colcon.colcon_core.package_identification:_identify(.) by extensions ['ros']
[12.531s] Level 1:colcon.colcon_core.package_identification:_identify(.) by extension 'ros'
[12.558s] Level 1:colcon.colcon_core.package_identification:_identify(.) by extensions ['cmake', 'python']
[12.558s] Level 1:colcon.colcon_core.package_identification:_identify(.) by extension 'cmake'
[12.558s] Level 1:colcon.colcon_core.package_identification:_identify(.) by extension 'python'
[12.559s] Level 1:colcon.colcon_core.package_identification:_identify(.) by extensions ['python_setup_py']
[12.559s] Level 1:colcon.colcon_core.package_identification:_identify(.) by extension 'python_setup_py'
[12.559s] Level 1:colcon.colcon_core.package_identification:_identify(build) by extensions ['ignore', 'ignore_ament_install']
[12.559s] Level 1:colcon.colcon_core.package_identification:_identify(build) by extension 'ignore'
[12.559s] Level 1:colcon.colcon_core.package_identification:_identify(build) ignored
[12.559s] Level 1:colcon.colcon_core.package_identification:_identify(install) by extensions ['ignore', 'ignore_ament_install']
[12.560s] Level 1:colcon.colcon_core.package_identification:_identify(install) by extension 'ignore'
[12.560s] Level 1:colcon.colcon_core.package_identification:_identify(install) ignored
[12.560s] Level 1:colcon.colcon_core.package_identification:_identify(log) by extensions ['ignore', 'ignore_ament_install']
[12.560s] Level 1:colcon.colcon_core.package_identification:_identify(log) by extension 'ignore'
[12.560s] Level 1:colcon.colcon_core.package_identification:_identify(log) ignored
[12.560s] Level 1:colcon.colcon_core.package_identification:_identify(src) by extensions ['ignore', 'ignore_ament_install']
[12.560s] Level 1:colcon.colcon_core.package_identification:_identify(src) by extension 'ignore'
[12.561s] Level 1:colcon.colcon_core.package_identification:_identify(src) by extension 'ignore_ament_install'
[12.561s] Level 1:colcon.colcon_core.package_identification:_identify(src) by extensions ['colcon_pkg']
[12.561s] Level 1:colcon.colcon_core.package_identification:_identify(src) by extension 'colcon_pkg'
[12.561s] Level 1:colcon.colcon_core.package_identification:_identify(src) by extensions ['colcon_meta']
[12.561s] Level 1:colcon.colcon_core.package_identification:_identify(src) by extension 'colcon_meta'
[12.561s] Level 1:colcon.colcon_core.package_identification:_identify(src) by extensions ['ros']
[12.561s] Level 1:colcon.colcon_core.package_identification:_identify(src) by extension 'ros'
[12.561s] Level 1:colcon.colcon_core.package_identification:_identify(src) by extensions ['cmake', 'python']
[12.561s] Level 1:colcon.colcon_core.package_identification:_identify(src) by extension 'cmake'
[12.561s] Level 1:colcon.colcon_core.package_identification:_identify(src) by extension 'python'
[12.562s] Level 1:colcon.colcon_core.package_identification:_identify(src) by extensions ['python_setup_py']
[12.562s] Level 1:colcon.colcon_core.package_identification:_identify(src) by extension 'python_setup_py'
[12.562s] Level 1:colcon.colcon_core.package_discovery:discover_packages(recursive) using defaults
[12.562s] Level 1:colcon.colcon_core.package_discovery:discover_packages(ignore) discover
[12.562s] Level 1:colcon.colcon_core.package_discovery:discover_packages(ignore) using defaults
[12.562s] Level 1:colcon.colcon_core.package_discovery:discover_packages(path) discover
[12.562s] Level 1:colcon.colcon_core.package_discovery:discover_packages(path) using defaults
[13.657s] Level 1:colcon.colcon_core.package_discovery:discover_packages(prefix_path) check parameters
[13.657s] Level 1:colcon.colcon_core.package_discovery:discover_packages(prefix_path) discover
[14.080s] DEBUG:colcon.colcon_installed_package_information.package_discovery:Found 371 installed packages in /opt/ros/foxy
[14.084s] Level 1:colcon.colcon_core.package_discovery:discover_packages(prefix_path) using defaults
[14.739s] INFO:colcon.colcon_core.executor:Executing jobs using 'parallel' executor
[14.951s] DEBUG:colcon.colcon_parallel_executor.executor.parallel:run_until_complete
[14.952s] DEBUG:colcon.colcon_parallel_executor.executor.parallel:closing loop
[14.952s] DEBUG:colcon.colcon_parallel_executor.executor.parallel:loop closed
[14.952s] DEBUG:colcon.colcon_parallel_executor.executor.parallel:run_until_complete finished with '0'
[14.952s] DEBUG:colcon.colcon_core.event_reactor:joining thread
[15.184s] INFO:colcon.colcon_core.plugin_system:Skipping extension 'colcon_notification.desktop_notification.terminal_notifier': Not used on non-Darwin systems
[15.184s] INFO:colcon.colcon_core.plugin_system:Skipping extension 'colcon_notification.desktop_notification.win32': Not used on non-Windows systems
[15.184s] INFO:colcon.colcon_notification.desktop_notification:Sending desktop notification using 'notify2'
[15.212s] DEBUG:colcon.colcon_core.event_reactor:joined thread
[15.431s] INFO:colcon.colcon_core.plugin_system:Skipping extension 'colcon_core.shell.bat': Not used on non-Windows systems
[15.432s] INFO:colcon.colcon_core.shell:Creating prefix script '/home/imen/ros_test/install/local_setup.ps1'
[15.433s] INFO:colcon.colcon_core.shell:Creating prefix util module '/home/imen/ros_test/install/_local_setup_util_ps1.py'
[15.436s] INFO:colcon.colcon_core.shell:Creating prefix chain script '/home/imen/ros_test/install/setup.ps1'
[15.652s] INFO:colcon.colcon_core.shell:Creating prefix script '/home/imen/ros_test/install/local_setup.sh'
[15.654s] INFO:colcon.colcon_core.shell:Creating prefix util module '/home/imen/ros_test/install/_local_setup_util_sh.py'
[15.655s] INFO:colcon.colcon_core.shell:Creating prefix chain script '/home/imen/ros_test/install/setup.sh'
[15.869s] INFO:colcon.colcon_core.shell:Creating prefix script '/home/imen/ros_test/install/local_setup.bash'
[15.870s] INFO:colcon.colcon_core.shell:Creating prefix chain script '/home/imen/ros_test/install/setup.bash'
[16.083s] INFO:colcon.colcon_core.shell:Creating prefix script '/home/imen/ros_test/install/local_setup.zsh'
[16.084s] INFO:colcon.colcon_core.shell:Creating prefix chain script '/home/imen/ros_test/install/setup.zsh'
