[7.065s] DEBUG:colcon:Command line arguments: ['/usr/bin/colcon', 'build']
[7.065s] DEBUG:colcon:Parsed command line arguments: Namespace(allow_overriding=[], ament_cmake_args=None, base_paths=['.'], build_base='build', catkin_cmake_args=None, catkin_skip_building_tests=False, cmake_args=None, cmake_clean_cache=False, cmake_clean_first=False, cmake_force_configure=False, cmake_target=None, cmake_target_skip_unavailable=False, continue_on_error=False, event_handlers=None, executor='parallel', ignore_user_meta=False, install_base='install', log_base=None, log_level=None, main=<bound method BuildVerb.main of <colcon_core.verb.build.BuildVerb object at 0x7f9e969a43d0>>, merge_install=False, metas=['./colcon.meta'], packages_above=None, packages_above_and_dependencies=None, packages_above_depth=None, packages_end=None, packages_ignore=None, packages_ignore_regex=None, packages_select=None, packages_select_build_failed=False, packages_select_by_dep=None, packages_select_regex=None, packages_select_test_failures=False, packages_skip=None, packages_skip_build_finished=False, packages_skip_by_dep=None, packages_skip_regex=None, packages_skip_test_passed=False, packages_skip_up_to=None, packages_start=None, packages_up_to=None, packages_up_to_regex=None, parallel_workers=8, paths=None, symlink_install=False, test_result_base=None, verb_extension=<colcon_core.verb.build.BuildVerb object at 0x7f9e969a43d0>, verb_name='build', verb_parser=<colcon_defaults.argument_parser.defaults.DefaultArgumentsDecorator object at 0x7f9e967f0df0>)
[7.351s] Level 1:colcon.colcon_core.package_discovery:discover_packages(colcon_meta) check parameters
[7.351s] Level 1:colcon.colcon_core.package_discovery:discover_packages(recursive) check parameters
[7.351s] Level 1:colcon.colcon_core.package_discovery:discover_packages(ignore) check parameters
[7.351s] Level 1:colcon.colcon_core.package_discovery:discover_packages(path) check parameters
[7.351s] Level 1:colcon.colcon_core.package_discovery:discover_packages(colcon_meta) discover
[7.351s] Level 1:colcon.colcon_core.package_discovery:discover_packages(recursive) discover
[7.351s] INFO:colcon.colcon_core.package_discovery:Crawling recursively for packages in '/home/imen/ros_test'
[7.351s] Level 1:colcon.colcon_core.package_identification:_identify(.) by extensions ['ignore', 'ignore_ament_install']
[7.351s] Level 1:colcon.colcon_core.package_identification:_identify(.) by extension 'ignore'
[7.351s] Level 1:colcon.colcon_core.package_identification:_identify(.) by extension 'ignore_ament_install'
[7.351s] Level 1:colcon.colcon_core.package_identification:_identify(.) by extensions ['colcon_pkg']
[7.351s] Level 1:colcon.colcon_core.package_identification:_identify(.) by extension 'colcon_pkg'
[7.352s] Level 1:colcon.colcon_core.package_identification:_identify(.) by extensions ['colcon_meta']
[7.352s] Level 1:colcon.colcon_core.package_identification:_identify(.) by extension 'colcon_meta'
[7.352s] Level 1:colcon.colcon_core.package_identification:_identify(.) by extensions ['ros']
[7.352s] Level 1:colcon.colcon_core.package_identification:_identify(.) by extension 'ros'
[7.366s] Level 1:colcon.colcon_core.package_identification:_identify(.) by extensions ['cmake', 'python']
[7.366s] Level 1:colcon.colcon_core.package_identification:_identify(.) by extension 'cmake'
[7.366s] Level 1:colcon.colcon_core.package_identification:_identify(.) by extension 'python'
[7.366s] Level 1:colcon.colcon_core.package_identification:_identify(.) by extensions ['python_setup_py']
[7.366s] Level 1:colcon.colcon_core.package_identification:_identify(.) by extension 'python_setup_py'
[7.366s] Level 1:colcon.colcon_core.package_identification:_identify(build) by extensions ['ignore', 'ignore_ament_install']
[7.366s] Level 1:colcon.colcon_core.package_identification:_identify(build) by extension 'ignore'
[7.366s] Level 1:colcon.colcon_core.package_identification:_identify(build) ignored
[7.366s] Level 1:colcon.colcon_core.package_identification:_identify(install) by extensions ['ignore', 'ignore_ament_install']
[7.366s] Level 1:colcon.colcon_core.package_identification:_identify(install) by extension 'ignore'
[7.367s] Level 1:colcon.colcon_core.package_identification:_identify(install) ignored
[7.367s] Level 1:colcon.colcon_core.package_identification:_identify(log) by extensions ['ignore', 'ignore_ament_install']
[7.367s] Level 1:colcon.colcon_core.package_identification:_identify(log) by extension 'ignore'
[7.367s] Level 1:colcon.colcon_core.package_identification:_identify(log) ignored
[7.367s] Level 1:colcon.colcon_core.package_identification:_identify(src) by extensions ['ignore', 'ignore_ament_install']
[7.367s] Level 1:colcon.colcon_core.package_identification:_identify(src) by extension 'ignore'
[7.367s] Level 1:colcon.colcon_core.package_identification:_identify(src) by extension 'ignore_ament_install'
[7.367s] Level 1:colcon.colcon_core.package_identification:_identify(src) by extensions ['colcon_pkg']
[7.367s] Level 1:colcon.colcon_core.package_identification:_identify(src) by extension 'colcon_pkg'
[7.367s] Level 1:colcon.colcon_core.package_identification:_identify(src) by extensions ['colcon_meta']
[7.367s] Level 1:colcon.colcon_core.package_identification:_identify(src) by extension 'colcon_meta'
[7.367s] Level 1:colcon.colcon_core.package_identification:_identify(src) by extensions ['ros']
[7.368s] Level 1:colcon.colcon_core.package_identification:_identify(src) by extension 'ros'
[7.368s] Level 1:colcon.colcon_core.package_identification:_identify(src) by extensions ['cmake', 'python']
[7.368s] Level 1:colcon.colcon_core.package_identification:_identify(src) by extension 'cmake'
[7.368s] Level 1:colcon.colcon_core.package_identification:_identify(src) by extension 'python'
[7.368s] Level 1:colcon.colcon_core.package_identification:_identify(src) by extensions ['python_setup_py']
[7.368s] Level 1:colcon.colcon_core.package_identification:_identify(src) by extension 'python_setup_py'
[7.368s] Level 1:colcon.colcon_core.package_identification:_identify(src/my_robot_bringup) by extensions ['ignore', 'ignore_ament_install']
[7.368s] Level 1:colcon.colcon_core.package_identification:_identify(src/my_robot_bringup) by extension 'ignore'
[7.368s] Level 1:colcon.colcon_core.package_identification:_identify(src/my_robot_bringup) by extension 'ignore_ament_install'
[7.368s] Level 1:colcon.colcon_core.package_identification:_identify(src/my_robot_bringup) by extensions ['colcon_pkg']
[7.368s] Level 1:colcon.colcon_core.package_identification:_identify(src/my_robot_bringup) by extension 'colcon_pkg'
[7.368s] Level 1:colcon.colcon_core.package_identification:_identify(src/my_robot_bringup) by extensions ['colcon_meta']
[7.368s] Level 1:colcon.colcon_core.package_identification:_identify(src/my_robot_bringup) by extension 'colcon_meta'
[7.368s] Level 1:colcon.colcon_core.package_identification:_identify(src/my_robot_bringup) by extensions ['ros']
[7.369s] Level 1:colcon.colcon_core.package_identification:_identify(src/my_robot_bringup) by extension 'ros'
[7.372s] DEBUG:colcon.colcon_core.package_identification:Package 'src/my_robot_bringup' with type 'ros.ament_cmake' and name 'my_robot_bringup'
[7.372s] Level 1:colcon.colcon_core.package_identification:_identify(src/my_robot_description) by extensions ['ignore', 'ignore_ament_install']
[7.372s] Level 1:colcon.colcon_core.package_identification:_identify(src/my_robot_description) by extension 'ignore'
[7.372s] Level 1:colcon.colcon_core.package_identification:_identify(src/my_robot_description) by extension 'ignore_ament_install'
[7.372s] Level 1:colcon.colcon_core.package_identification:_identify(src/my_robot_description) by extensions ['colcon_pkg']
[7.372s] Level 1:colcon.colcon_core.package_identification:_identify(src/my_robot_description) by extension 'colcon_pkg'
[7.372s] Level 1:colcon.colcon_core.package_identification:_identify(src/my_robot_description) by extensions ['colcon_meta']
[7.372s] Level 1:colcon.colcon_core.package_identification:_identify(src/my_robot_description) by extension 'colcon_meta'
[7.372s] Level 1:colcon.colcon_core.package_identification:_identify(src/my_robot_description) by extensions ['ros']
[7.372s] Level 1:colcon.colcon_core.package_identification:_identify(src/my_robot_description) by extension 'ros'
[7.373s] DEBUG:colcon.colcon_core.package_identification:Package 'src/my_robot_description' with type 'ros.ament_cmake' and name 'my_robot_description'
[7.373s] Level 1:colcon.colcon_core.package_discovery:discover_packages(recursive) using defaults
[7.373s] Level 1:colcon.colcon_core.package_discovery:discover_packages(ignore) discover
[7.373s] Level 1:colcon.colcon_core.package_discovery:discover_packages(ignore) using defaults
[7.373s] Level 1:colcon.colcon_core.package_discovery:discover_packages(path) discover
[7.373s] Level 1:colcon.colcon_core.package_discovery:discover_packages(path) using defaults
[8.106s] Level 1:colcon.colcon_core.package_discovery:discover_packages(prefix_path) check parameters
[8.106s] Level 1:colcon.colcon_core.package_discovery:discover_packages(prefix_path) discover
[8.378s] DEBUG:colcon.colcon_installed_package_information.package_discovery:Found 3 installed packages in /home/imen/ros_test/install
[8.512s] DEBUG:colcon.colcon_installed_package_information.package_discovery:Found 371 installed packages in /opt/ros/foxy
[8.514s] Level 1:colcon.colcon_core.package_discovery:discover_packages(prefix_path) using defaults
[8.906s] Level 5:colcon.colcon_core.verb:set package 'my_robot_description' build argument 'cmake_args' from command line to 'None'
[8.906s] Level 5:colcon.colcon_core.verb:set package 'my_robot_description' build argument 'cmake_target' from command line to 'None'
[8.906s] Level 5:colcon.colcon_core.verb:set package 'my_robot_description' build argument 'cmake_target_skip_unavailable' from command line to 'False'
[8.906s] Level 5:colcon.colcon_core.verb:set package 'my_robot_description' build argument 'cmake_clean_cache' from command line to 'False'
[8.906s] Level 5:colcon.colcon_core.verb:set package 'my_robot_description' build argument 'cmake_clean_first' from command line to 'False'
[8.906s] Level 5:colcon.colcon_core.verb:set package 'my_robot_description' build argument 'cmake_force_configure' from command line to 'False'
[8.906s] Level 5:colcon.colcon_core.verb:set package 'my_robot_description' build argument 'ament_cmake_args' from command line to 'None'
[8.906s] Level 5:colcon.colcon_core.verb:set package 'my_robot_description' build argument 'catkin_cmake_args' from command line to 'None'
[8.906s] Level 5:colcon.colcon_core.verb:set package 'my_robot_description' build argument 'catkin_skip_building_tests' from command line to 'False'
[8.906s] DEBUG:colcon.colcon_core.verb:Building package 'my_robot_description' with the following arguments: {'ament_cmake_args': None, 'build_base': '/home/imen/ros_test/build/my_robot_description', 'catkin_cmake_args': None, 'catkin_skip_building_tests': False, 'cmake_args': None, 'cmake_clean_cache': False, 'cmake_clean_first': False, 'cmake_force_configure': False, 'cmake_target': None, 'cmake_target_skip_unavailable': False, 'install_base': '/home/imen/ros_test/install/my_robot_description', 'merge_install': False, 'path': '/home/imen/ros_test/src/my_robot_description', 'symlink_install': False, 'test_result_base': None}
[9.039s] Level 5:colcon.colcon_core.verb:set package 'my_robot_bringup' build argument 'cmake_args' from command line to 'None'
[9.039s] Level 5:colcon.colcon_core.verb:set package 'my_robot_bringup' build argument 'cmake_target' from command line to 'None'
[9.039s] Level 5:colcon.colcon_core.verb:set package 'my_robot_bringup' build argument 'cmake_target_skip_unavailable' from command line to 'False'
[9.039s] Level 5:colcon.colcon_core.verb:set package 'my_robot_bringup' build argument 'cmake_clean_cache' from command line to 'False'
[9.039s] Level 5:colcon.colcon_core.verb:set package 'my_robot_bringup' build argument 'cmake_clean_first' from command line to 'False'
[9.039s] Level 5:colcon.colcon_core.verb:set package 'my_robot_bringup' build argument 'cmake_force_configure' from command line to 'False'
[9.039s] Level 5:colcon.colcon_core.verb:set package 'my_robot_bringup' build argument 'ament_cmake_args' from command line to 'None'
[9.039s] Level 5:colcon.colcon_core.verb:set package 'my_robot_bringup' build argument 'catkin_cmake_args' from command line to 'None'
[9.040s] Level 5:colcon.colcon_core.verb:set package 'my_robot_bringup' build argument 'catkin_skip_building_tests' from command line to 'False'
[9.040s] DEBUG:colcon.colcon_core.verb:Building package 'my_robot_bringup' with the following arguments: {'ament_cmake_args': None, 'build_base': '/home/imen/ros_test/build/my_robot_bringup', 'catkin_cmake_args': None, 'catkin_skip_building_tests': False, 'cmake_args': None, 'cmake_clean_cache': False, 'cmake_clean_first': False, 'cmake_force_configure': False, 'cmake_target': None, 'cmake_target_skip_unavailable': False, 'install_base': '/home/imen/ros_test/install/my_robot_bringup', 'merge_install': False, 'path': '/home/imen/ros_test/src/my_robot_bringup', 'symlink_install': False, 'test_result_base': None}
[9.171s] INFO:colcon.colcon_core.executor:Executing jobs using 'parallel' executor
[9.302s] DEBUG:colcon.colcon_parallel_executor.executor.parallel:run_until_complete
[9.303s] INFO:colcon.colcon_ros.task.ament_cmake.build:Building ROS package in '/home/imen/ros_test/src/my_robot_description' with build type 'ament_cmake'
[9.303s] INFO:colcon.colcon_cmake.task.cmake.build:Building CMake package in '/home/imen/ros_test/src/my_robot_description'
[9.448s] INFO:colcon.colcon_core.plugin_system:Skipping extension 'colcon_core.shell.bat': Not used on non-Windows systems
[9.448s] INFO:colcon.colcon_core.shell:Skip shell extension 'powershell' for command environment: Not usable outside of PowerShell
[9.448s] DEBUG:colcon.colcon_core.shell:Skip shell extension 'dsv' for command environment
[9.881s] DEBUG:colcon.colcon_core.event_handler.log_command:Invoking command in '/home/imen/ros_test/build/my_robot_description': CMAKE_PREFIX_PATH=${CMAKE_PREFIX_PATH}:/opt/ros/foxy /usr/bin/cmake --build /home/imen/ros_test/build/my_robot_description -- -j8 -l8
[9.925s] DEBUG:colcon.colcon_core.event_handler.log_command:Invoked command in '/home/imen/ros_test/build/my_robot_description' returned '0': CMAKE_PREFIX_PATH=${CMAKE_PREFIX_PATH}:/opt/ros/foxy /usr/bin/cmake --build /home/imen/ros_test/build/my_robot_description -- -j8 -l8
[9.965s] DEBUG:colcon.colcon_core.event_handler.log_command:Invoking command in '/home/imen/ros_test/build/my_robot_description': CMAKE_PREFIX_PATH=${CMAKE_PREFIX_PATH}:/opt/ros/foxy /usr/bin/cmake --install /home/imen/ros_test/build/my_robot_description
[9.979s] Level 1:colcon.colcon_core.environment:create_environment_scripts_only(my_robot_description)
[9.980s] DEBUG:colcon.colcon_core.event_handler.log_command:Invoked command in '/home/imen/ros_test/build/my_robot_description' returned '0': CMAKE_PREFIX_PATH=${CMAKE_PREFIX_PATH}:/opt/ros/foxy /usr/bin/cmake --install /home/imen/ros_test/build/my_robot_description
[10.146s] Level 1:colcon.colcon_core.environment:checking '/home/imen/ros_test/install/my_robot_description' for CMake module files
[10.147s] Level 1:colcon.colcon_core.environment:checking '/home/imen/ros_test/install/my_robot_description' for CMake config files
[10.148s] Level 1:colcon.colcon_core.shell:create_environment_hook('my_robot_description', 'cmake_prefix_path')
[10.274s] INFO:colcon.colcon_core.shell:Creating environment hook '/home/imen/ros_test/install/my_robot_description/share/my_robot_description/hook/cmake_prefix_path.ps1'
[10.275s] INFO:colcon.colcon_core.shell:Creating environment descriptor '/home/imen/ros_test/install/my_robot_description/share/my_robot_description/hook/cmake_prefix_path.dsv'
[10.276s] INFO:colcon.colcon_core.shell:Creating environment hook '/home/imen/ros_test/install/my_robot_description/share/my_robot_description/hook/cmake_prefix_path.sh'
[10.277s] Level 1:colcon.colcon_core.environment:checking '/home/imen/ros_test/install/my_robot_description/bin'
[10.277s] Level 1:colcon.colcon_core.environment:checking '/home/imen/ros_test/install/my_robot_description/lib/pkgconfig/my_robot_description.pc'
[10.278s] Level 1:colcon.colcon_core.environment:checking '/home/imen/ros_test/install/my_robot_description/lib/python3.8/site-packages'
[10.278s] Level 1:colcon.colcon_core.environment:checking '/home/imen/ros_test/install/my_robot_description/bin'
[10.419s] INFO:colcon.colcon_core.shell:Creating package script '/home/imen/ros_test/install/my_robot_description/share/my_robot_description/package.ps1'
[10.421s] INFO:colcon.colcon_core.shell:Creating package descriptor '/home/imen/ros_test/install/my_robot_description/share/my_robot_description/package.dsv'
[10.422s] INFO:colcon.colcon_core.shell:Creating package script '/home/imen/ros_test/install/my_robot_description/share/my_robot_description/package.sh'
[10.423s] INFO:colcon.colcon_core.shell:Creating package script '/home/imen/ros_test/install/my_robot_description/share/my_robot_description/package.bash'
[10.425s] INFO:colcon.colcon_core.shell:Creating package script '/home/imen/ros_test/install/my_robot_description/share/my_robot_description/package.zsh'
[10.426s] Level 1:colcon.colcon_core.environment:create_file_with_runtime_dependencies(/home/imen/ros_test/install/my_robot_description/share/colcon-core/packages/my_robot_description)
[10.662s] Level 1:colcon.colcon_core.environment:create_environment_scripts_only(my_robot_description)
[10.862s] Level 1:colcon.colcon_core.environment:checking '/home/imen/ros_test/install/my_robot_description' for CMake module files
[10.863s] Level 1:colcon.colcon_core.environment:checking '/home/imen/ros_test/install/my_robot_description' for CMake config files
[10.864s] Level 1:colcon.colcon_core.shell:create_environment_hook('my_robot_description', 'cmake_prefix_path')
[11.065s] INFO:colcon.colcon_core.shell:Creating environment hook '/home/imen/ros_test/install/my_robot_description/share/my_robot_description/hook/cmake_prefix_path.ps1'
[11.066s] INFO:colcon.colcon_core.shell:Creating environment descriptor '/home/imen/ros_test/install/my_robot_description/share/my_robot_description/hook/cmake_prefix_path.dsv'
[11.067s] INFO:colcon.colcon_core.shell:Creating environment hook '/home/imen/ros_test/install/my_robot_description/share/my_robot_description/hook/cmake_prefix_path.sh'
[11.068s] Level 1:colcon.colcon_core.environment:checking '/home/imen/ros_test/install/my_robot_description/bin'
[11.068s] Level 1:colcon.colcon_core.environment:checking '/home/imen/ros_test/install/my_robot_description/lib/pkgconfig/my_robot_description.pc'
[11.068s] Level 1:colcon.colcon_core.environment:checking '/home/imen/ros_test/install/my_robot_description/lib/python3.8/site-packages'
[11.069s] Level 1:colcon.colcon_core.environment:checking '/home/imen/ros_test/install/my_robot_description/bin'
[11.268s] INFO:colcon.colcon_core.shell:Creating package script '/home/imen/ros_test/install/my_robot_description/share/my_robot_description/package.ps1'
[11.269s] INFO:colcon.colcon_core.shell:Creating package descriptor '/home/imen/ros_test/install/my_robot_description/share/my_robot_description/package.dsv'
[11.270s] INFO:colcon.colcon_core.shell:Creating package script '/home/imen/ros_test/install/my_robot_description/share/my_robot_description/package.sh'
[11.271s] INFO:colcon.colcon_core.shell:Creating package script '/home/imen/ros_test/install/my_robot_description/share/my_robot_description/package.bash'
[11.272s] INFO:colcon.colcon_core.shell:Creating package script '/home/imen/ros_test/install/my_robot_description/share/my_robot_description/package.zsh'
[11.273s] Level 1:colcon.colcon_core.environment:create_file_with_runtime_dependencies(/home/imen/ros_test/install/my_robot_description/share/colcon-core/packages/my_robot_description)
[11.273s] INFO:colcon.colcon_ros.task.ament_cmake.build:Building ROS package in '/home/imen/ros_test/src/my_robot_bringup' with build type 'ament_cmake'
[11.274s] INFO:colcon.colcon_cmake.task.cmake.build:Building CMake package in '/home/imen/ros_test/src/my_robot_bringup'
[11.466s] INFO:colcon.colcon_core.shell:Skip shell extension 'powershell' for command environment: Not usable outside of PowerShell
[11.467s] DEBUG:colcon.colcon_core.shell:Skip shell extension 'dsv' for command environment
[11.842s] DEBUG:colcon.colcon_core.event_handler.log_command:Invoking command in '/home/imen/ros_test/build/my_robot_bringup': CMAKE_PREFIX_PATH=/home/imen/ros_test/install/my_robot_description:/home/imen/ros_test/install/my_robot_bringup:/opt/ros/foxy /usr/bin/cmake --build /home/imen/ros_test/build/my_robot_bringup -- -j8 -l8
[11.878s] DEBUG:colcon.colcon_core.event_handler.log_command:Invoked command in '/home/imen/ros_test/build/my_robot_bringup' returned '0': CMAKE_PREFIX_PATH=/home/imen/ros_test/install/my_robot_description:/home/imen/ros_test/install/my_robot_bringup:/opt/ros/foxy /usr/bin/cmake --build /home/imen/ros_test/build/my_robot_bringup -- -j8 -l8
[11.900s] DEBUG:colcon.colcon_core.event_handler.log_command:Invoking command in '/home/imen/ros_test/build/my_robot_bringup': CMAKE_PREFIX_PATH=/home/imen/ros_test/install/my_robot_description:/home/imen/ros_test/install/my_robot_bringup:/opt/ros/foxy /usr/bin/cmake --install /home/imen/ros_test/build/my_robot_bringup
[11.912s] Level 1:colcon.colcon_core.environment:create_environment_scripts_only(my_robot_bringup)
[11.912s] DEBUG:colcon.colcon_core.event_handler.log_command:Invoked command in '/home/imen/ros_test/build/my_robot_bringup' returned '0': CMAKE_PREFIX_PATH=/home/imen/ros_test/install/my_robot_description:/home/imen/ros_test/install/my_robot_bringup:/opt/ros/foxy /usr/bin/cmake --install /home/imen/ros_test/build/my_robot_bringup
[12.011s] Level 1:colcon.colcon_core.environment:checking '/home/imen/ros_test/install/my_robot_bringup' for CMake module files
[12.011s] Level 1:colcon.colcon_core.environment:checking '/home/imen/ros_test/install/my_robot_bringup' for CMake config files
[12.011s] Level 1:colcon.colcon_core.shell:create_environment_hook('my_robot_bringup', 'cmake_prefix_path')
[12.106s] INFO:colcon.colcon_core.shell:Creating environment hook '/home/imen/ros_test/install/my_robot_bringup/share/my_robot_bringup/hook/cmake_prefix_path.ps1'
[12.107s] INFO:colcon.colcon_core.shell:Creating environment descriptor '/home/imen/ros_test/install/my_robot_bringup/share/my_robot_bringup/hook/cmake_prefix_path.dsv'
[12.107s] INFO:colcon.colcon_core.shell:Creating environment hook '/home/imen/ros_test/install/my_robot_bringup/share/my_robot_bringup/hook/cmake_prefix_path.sh'
[12.107s] Level 1:colcon.colcon_core.environment:checking '/home/imen/ros_test/install/my_robot_bringup/bin'
[12.107s] Level 1:colcon.colcon_core.environment:checking '/home/imen/ros_test/install/my_robot_bringup/lib/pkgconfig/my_robot_bringup.pc'
[12.108s] Level 1:colcon.colcon_core.environment:checking '/home/imen/ros_test/install/my_robot_bringup/lib/python3.8/site-packages'
[12.108s] Level 1:colcon.colcon_core.environment:checking '/home/imen/ros_test/install/my_robot_bringup/bin'
[12.202s] INFO:colcon.colcon_core.shell:Creating package script '/home/imen/ros_test/install/my_robot_bringup/share/my_robot_bringup/package.ps1'
[12.202s] INFO:colcon.colcon_core.shell:Creating package descriptor '/home/imen/ros_test/install/my_robot_bringup/share/my_robot_bringup/package.dsv'
[12.203s] INFO:colcon.colcon_core.shell:Creating package script '/home/imen/ros_test/install/my_robot_bringup/share/my_robot_bringup/package.sh'
[12.203s] INFO:colcon.colcon_core.shell:Creating package script '/home/imen/ros_test/install/my_robot_bringup/share/my_robot_bringup/package.bash'
[12.203s] INFO:colcon.colcon_core.shell:Creating package script '/home/imen/ros_test/install/my_robot_bringup/share/my_robot_bringup/package.zsh'
[12.204s] Level 1:colcon.colcon_core.environment:create_file_with_runtime_dependencies(/home/imen/ros_test/install/my_robot_bringup/share/colcon-core/packages/my_robot_bringup)
[12.318s] Level 1:colcon.colcon_core.environment:create_environment_scripts_only(my_robot_bringup)
[12.411s] Level 1:colcon.colcon_core.environment:checking '/home/imen/ros_test/install/my_robot_bringup' for CMake module files
[12.411s] Level 1:colcon.colcon_core.environment:checking '/home/imen/ros_test/install/my_robot_bringup' for CMake config files
[12.412s] Level 1:colcon.colcon_core.shell:create_environment_hook('my_robot_bringup', 'cmake_prefix_path')
[12.513s] INFO:colcon.colcon_core.shell:Creating environment hook '/home/imen/ros_test/install/my_robot_bringup/share/my_robot_bringup/hook/cmake_prefix_path.ps1'
[12.513s] INFO:colcon.colcon_core.shell:Creating environment descriptor '/home/imen/ros_test/install/my_robot_bringup/share/my_robot_bringup/hook/cmake_prefix_path.dsv'
[12.513s] INFO:colcon.colcon_core.shell:Creating environment hook '/home/imen/ros_test/install/my_robot_bringup/share/my_robot_bringup/hook/cmake_prefix_path.sh'
[12.514s] Level 1:colcon.colcon_core.environment:checking '/home/imen/ros_test/install/my_robot_bringup/bin'
[12.514s] Level 1:colcon.colcon_core.environment:checking '/home/imen/ros_test/install/my_robot_bringup/lib/pkgconfig/my_robot_bringup.pc'
[12.514s] Level 1:colcon.colcon_core.environment:checking '/home/imen/ros_test/install/my_robot_bringup/lib/python3.8/site-packages'
[12.514s] Level 1:colcon.colcon_core.environment:checking '/home/imen/ros_test/install/my_robot_bringup/bin'
[12.608s] INFO:colcon.colcon_core.shell:Creating package script '/home/imen/ros_test/install/my_robot_bringup/share/my_robot_bringup/package.ps1'
[12.609s] INFO:colcon.colcon_core.shell:Creating package descriptor '/home/imen/ros_test/install/my_robot_bringup/share/my_robot_bringup/package.dsv'
[12.609s] INFO:colcon.colcon_core.shell:Creating package script '/home/imen/ros_test/install/my_robot_bringup/share/my_robot_bringup/package.sh'
[12.610s] INFO:colcon.colcon_core.shell:Creating package script '/home/imen/ros_test/install/my_robot_bringup/share/my_robot_bringup/package.bash'
[12.610s] INFO:colcon.colcon_core.shell:Creating package script '/home/imen/ros_test/install/my_robot_bringup/share/my_robot_bringup/package.zsh'
[12.610s] Level 1:colcon.colcon_core.environment:create_file_with_runtime_dependencies(/home/imen/ros_test/install/my_robot_bringup/share/colcon-core/packages/my_robot_bringup)
[12.611s] DEBUG:colcon.colcon_parallel_executor.executor.parallel:closing loop
[12.611s] DEBUG:colcon.colcon_parallel_executor.executor.parallel:loop closed
[12.611s] DEBUG:colcon.colcon_parallel_executor.executor.parallel:run_until_complete finished with '0'
[12.611s] DEBUG:colcon.colcon_core.event_reactor:joining thread
[12.714s] INFO:colcon.colcon_core.plugin_system:Skipping extension 'colcon_notification.desktop_notification.terminal_notifier': Not used on non-Darwin systems
[12.714s] INFO:colcon.colcon_core.plugin_system:Skipping extension 'colcon_notification.desktop_notification.win32': Not used on non-Windows systems
[12.714s] INFO:colcon.colcon_notification.desktop_notification:Sending desktop notification using 'notify2'
[12.727s] DEBUG:colcon.colcon_core.event_reactor:joined thread
[12.849s] INFO:colcon.colcon_core.shell:Creating prefix script '/home/imen/ros_test/install/local_setup.ps1'
[12.851s] INFO:colcon.colcon_core.shell:Creating prefix util module '/home/imen/ros_test/install/_local_setup_util_ps1.py'
[12.855s] INFO:colcon.colcon_core.shell:Creating prefix chain script '/home/imen/ros_test/install/setup.ps1'
[12.999s] INFO:colcon.colcon_core.shell:Creating prefix script '/home/imen/ros_test/install/local_setup.sh'
[12.999s] INFO:colcon.colcon_core.shell:Creating prefix util module '/home/imen/ros_test/install/_local_setup_util_sh.py'
[13.000s] INFO:colcon.colcon_core.shell:Creating prefix chain script '/home/imen/ros_test/install/setup.sh'
[13.094s] INFO:colcon.colcon_core.shell:Creating prefix script '/home/imen/ros_test/install/local_setup.bash'
[13.094s] INFO:colcon.colcon_core.shell:Creating prefix chain script '/home/imen/ros_test/install/setup.bash'
[13.186s] INFO:colcon.colcon_core.shell:Creating prefix script '/home/imen/ros_test/install/local_setup.zsh'
[13.186s] INFO:colcon.colcon_core.shell:Creating prefix chain script '/home/imen/ros_test/install/setup.zsh'
