[4.818s] DEBUG:colcon:Command line arguments: ['/usr/bin/colcon', 'build']
[4.818s] DEBUG:colcon:Parsed command line arguments: Namespace(allow_overriding=[], ament_cmake_args=None, base_paths=['.'], build_base='build', catkin_cmake_args=None, catkin_skip_building_tests=False, cmake_args=None, cmake_clean_cache=False, cmake_clean_first=False, cmake_force_configure=False, cmake_target=None, cmake_target_skip_unavailable=False, continue_on_error=False, event_handlers=None, executor='parallel', ignore_user_meta=False, install_base='install', log_base=None, log_level=None, main=<bound method BuildVerb.main of <colcon_core.verb.build.BuildVerb object at 0x7fa558d5d3d0>>, merge_install=False, metas=['./colcon.meta'], packages_above=None, packages_above_and_dependencies=None, packages_above_depth=None, packages_end=None, packages_ignore=None, packages_ignore_regex=None, packages_select=None, packages_select_build_failed=False, packages_select_by_dep=None, packages_select_regex=None, packages_select_test_failures=False, packages_skip=None, packages_skip_build_finished=False, packages_skip_by_dep=None, packages_skip_regex=None, packages_skip_test_passed=False, packages_skip_up_to=None, packages_start=None, packages_up_to=None, packages_up_to_regex=None, parallel_workers=8, paths=None, symlink_install=False, test_result_base=None, verb_extension=<colcon_core.verb.build.BuildVerb object at 0x7fa558d5d3d0>, verb_name='build', verb_parser=<colcon_defaults.argument_parser.defaults.DefaultArgumentsDecorator object at 0x7fa558b14e50>)
[5.019s] Level 1:colcon.colcon_core.package_discovery:discover_packages(colcon_meta) check parameters
[5.019s] Level 1:colcon.colcon_core.package_discovery:discover_packages(recursive) check parameters
[5.019s] Level 1:colcon.colcon_core.package_discovery:discover_packages(ignore) check parameters
[5.019s] Level 1:colcon.colcon_core.package_discovery:discover_packages(path) check parameters
[5.019s] Level 1:colcon.colcon_core.package_discovery:discover_packages(colcon_meta) discover
[5.020s] Level 1:colcon.colcon_core.package_discovery:discover_packages(recursive) discover
[5.020s] INFO:colcon.colcon_core.package_discovery:Crawling recursively for packages in '/home/imen/ros_test'
[5.020s] Level 1:colcon.colcon_core.package_identification:_identify(.) by extensions ['ignore', 'ignore_ament_install']
[5.020s] Level 1:colcon.colcon_core.package_identification:_identify(.) by extension 'ignore'
[5.020s] Level 1:colcon.colcon_core.package_identification:_identify(.) by extension 'ignore_ament_install'
[5.020s] Level 1:colcon.colcon_core.package_identification:_identify(.) by extensions ['colcon_pkg']
[5.020s] Level 1:colcon.colcon_core.package_identification:_identify(.) by extension 'colcon_pkg'
[5.020s] Level 1:colcon.colcon_core.package_identification:_identify(.) by extensions ['colcon_meta']
[5.020s] Level 1:colcon.colcon_core.package_identification:_identify(.) by extension 'colcon_meta'
[5.020s] Level 1:colcon.colcon_core.package_identification:_identify(.) by extensions ['ros']
[5.020s] Level 1:colcon.colcon_core.package_identification:_identify(.) by extension 'ros'
[5.030s] Level 1:colcon.colcon_core.package_identification:_identify(.) by extensions ['cmake', 'python']
[5.030s] Level 1:colcon.colcon_core.package_identification:_identify(.) by extension 'cmake'
[5.030s] Level 1:colcon.colcon_core.package_identification:_identify(.) by extension 'python'
[5.030s] Level 1:colcon.colcon_core.package_identification:_identify(.) by extensions ['python_setup_py']
[5.030s] Level 1:colcon.colcon_core.package_identification:_identify(.) by extension 'python_setup_py'
[5.030s] Level 1:colcon.colcon_core.package_identification:_identify(build) by extensions ['ignore', 'ignore_ament_install']
[5.031s] Level 1:colcon.colcon_core.package_identification:_identify(build) by extension 'ignore'
[5.031s] Level 1:colcon.colcon_core.package_identification:_identify(build) ignored
[5.031s] Level 1:colcon.colcon_core.package_identification:_identify(install) by extensions ['ignore', 'ignore_ament_install']
[5.031s] Level 1:colcon.colcon_core.package_identification:_identify(install) by extension 'ignore'
[5.031s] Level 1:colcon.colcon_core.package_identification:_identify(install) ignored
[5.031s] Level 1:colcon.colcon_core.package_identification:_identify(log) by extensions ['ignore', 'ignore_ament_install']
[5.031s] Level 1:colcon.colcon_core.package_identification:_identify(log) by extension 'ignore'
[5.031s] Level 1:colcon.colcon_core.package_identification:_identify(log) ignored
[5.031s] Level 1:colcon.colcon_core.package_identification:_identify(src) by extensions ['ignore', 'ignore_ament_install']
[5.032s] Level 1:colcon.colcon_core.package_identification:_identify(src) by extension 'ignore'
[5.032s] Level 1:colcon.colcon_core.package_identification:_identify(src) by extension 'ignore_ament_install'
[5.032s] Level 1:colcon.colcon_core.package_identification:_identify(src) by extensions ['colcon_pkg']
[5.032s] Level 1:colcon.colcon_core.package_identification:_identify(src) by extension 'colcon_pkg'
[5.032s] Level 1:colcon.colcon_core.package_identification:_identify(src) by extensions ['colcon_meta']
[5.032s] Level 1:colcon.colcon_core.package_identification:_identify(src) by extension 'colcon_meta'
[5.032s] Level 1:colcon.colcon_core.package_identification:_identify(src) by extensions ['ros']
[5.032s] Level 1:colcon.colcon_core.package_identification:_identify(src) by extension 'ros'
[5.032s] Level 1:colcon.colcon_core.package_identification:_identify(src) by extensions ['cmake', 'python']
[5.032s] Level 1:colcon.colcon_core.package_identification:_identify(src) by extension 'cmake'
[5.032s] Level 1:colcon.colcon_core.package_identification:_identify(src) by extension 'python'
[5.032s] Level 1:colcon.colcon_core.package_identification:_identify(src) by extensions ['python_setup_py']
[5.032s] Level 1:colcon.colcon_core.package_identification:_identify(src) by extension 'python_setup_py'
[5.033s] Level 1:colcon.colcon_core.package_identification:_identify(src/my_robot_bringup) by extensions ['ignore', 'ignore_ament_install']
[5.033s] Level 1:colcon.colcon_core.package_identification:_identify(src/my_robot_bringup) by extension 'ignore'
[5.033s] Level 1:colcon.colcon_core.package_identification:_identify(src/my_robot_bringup) by extension 'ignore_ament_install'
[5.033s] Level 1:colcon.colcon_core.package_identification:_identify(src/my_robot_bringup) by extensions ['colcon_pkg']
[5.033s] Level 1:colcon.colcon_core.package_identification:_identify(src/my_robot_bringup) by extension 'colcon_pkg'
[5.033s] Level 1:colcon.colcon_core.package_identification:_identify(src/my_robot_bringup) by extensions ['colcon_meta']
[5.033s] Level 1:colcon.colcon_core.package_identification:_identify(src/my_robot_bringup) by extension 'colcon_meta'
[5.033s] Level 1:colcon.colcon_core.package_identification:_identify(src/my_robot_bringup) by extensions ['ros']
[5.033s] Level 1:colcon.colcon_core.package_identification:_identify(src/my_robot_bringup) by extension 'ros'
[5.035s] DEBUG:colcon.colcon_core.package_identification:Package 'src/my_robot_bringup' with type 'ros.ament_cmake' and name 'my_robot_bringup'
[5.036s] Level 1:colcon.colcon_core.package_identification:_identify(src/my_robot_description) by extensions ['ignore', 'ignore_ament_install']
[5.036s] Level 1:colcon.colcon_core.package_identification:_identify(src/my_robot_description) by extension 'ignore'
[5.036s] Level 1:colcon.colcon_core.package_identification:_identify(src/my_robot_description) by extension 'ignore_ament_install'
[5.036s] Level 1:colcon.colcon_core.package_identification:_identify(src/my_robot_description) by extensions ['colcon_pkg']
[5.036s] Level 1:colcon.colcon_core.package_identification:_identify(src/my_robot_description) by extension 'colcon_pkg'
[5.036s] Level 1:colcon.colcon_core.package_identification:_identify(src/my_robot_description) by extensions ['colcon_meta']
[5.036s] Level 1:colcon.colcon_core.package_identification:_identify(src/my_robot_description) by extension 'colcon_meta'
[5.036s] Level 1:colcon.colcon_core.package_identification:_identify(src/my_robot_description) by extensions ['ros']
[5.036s] Level 1:colcon.colcon_core.package_identification:_identify(src/my_robot_description) by extension 'ros'
[5.037s] DEBUG:colcon.colcon_core.package_identification:Package 'src/my_robot_description' with type 'ros.ament_cmake' and name 'my_robot_description'
[5.037s] Level 1:colcon.colcon_core.package_discovery:discover_packages(recursive) using defaults
[5.037s] Level 1:colcon.colcon_core.package_discovery:discover_packages(ignore) discover
[5.037s] Level 1:colcon.colcon_core.package_discovery:discover_packages(ignore) using defaults
[5.037s] Level 1:colcon.colcon_core.package_discovery:discover_packages(path) discover
[5.037s] Level 1:colcon.colcon_core.package_discovery:discover_packages(path) using defaults
[5.518s] Level 1:colcon.colcon_core.package_discovery:discover_packages(prefix_path) check parameters
[5.518s] Level 1:colcon.colcon_core.package_discovery:discover_packages(prefix_path) discover
[5.696s] DEBUG:colcon.colcon_installed_package_information.package_discovery:Found 3 installed packages in /home/imen/ros_test/install
[5.784s] DEBUG:colcon.colcon_installed_package_information.package_discovery:Found 371 installed packages in /opt/ros/foxy
[5.786s] Level 1:colcon.colcon_core.package_discovery:discover_packages(prefix_path) using defaults
[6.050s] Level 5:colcon.colcon_core.verb:set package 'my_robot_description' build argument 'cmake_args' from command line to 'None'
[6.050s] Level 5:colcon.colcon_core.verb:set package 'my_robot_description' build argument 'cmake_target' from command line to 'None'
[6.050s] Level 5:colcon.colcon_core.verb:set package 'my_robot_description' build argument 'cmake_target_skip_unavailable' from command line to 'False'
[6.050s] Level 5:colcon.colcon_core.verb:set package 'my_robot_description' build argument 'cmake_clean_cache' from command line to 'False'
[6.050s] Level 5:colcon.colcon_core.verb:set package 'my_robot_description' build argument 'cmake_clean_first' from command line to 'False'
[6.050s] Level 5:colcon.colcon_core.verb:set package 'my_robot_description' build argument 'cmake_force_configure' from command line to 'False'
[6.050s] Level 5:colcon.colcon_core.verb:set package 'my_robot_description' build argument 'ament_cmake_args' from command line to 'None'
[6.050s] Level 5:colcon.colcon_core.verb:set package 'my_robot_description' build argument 'catkin_cmake_args' from command line to 'None'
[6.050s] Level 5:colcon.colcon_core.verb:set package 'my_robot_description' build argument 'catkin_skip_building_tests' from command line to 'False'
[6.050s] DEBUG:colcon.colcon_core.verb:Building package 'my_robot_description' with the following arguments: {'ament_cmake_args': None, 'build_base': '/home/imen/ros_test/build/my_robot_description', 'catkin_cmake_args': None, 'catkin_skip_building_tests': False, 'cmake_args': None, 'cmake_clean_cache': False, 'cmake_clean_first': False, 'cmake_force_configure': False, 'cmake_target': None, 'cmake_target_skip_unavailable': False, 'install_base': '/home/imen/ros_test/install/my_robot_description', 'merge_install': False, 'path': '/home/imen/ros_test/src/my_robot_description', 'symlink_install': False, 'test_result_base': None}
[6.136s] Level 5:colcon.colcon_core.verb:set package 'my_robot_bringup' build argument 'cmake_args' from command line to 'None'
[6.136s] Level 5:colcon.colcon_core.verb:set package 'my_robot_bringup' build argument 'cmake_target' from command line to 'None'
[6.136s] Level 5:colcon.colcon_core.verb:set package 'my_robot_bringup' build argument 'cmake_target_skip_unavailable' from command line to 'False'
[6.136s] Level 5:colcon.colcon_core.verb:set package 'my_robot_bringup' build argument 'cmake_clean_cache' from command line to 'False'
[6.136s] Level 5:colcon.colcon_core.verb:set package 'my_robot_bringup' build argument 'cmake_clean_first' from command line to 'False'
[6.136s] Level 5:colcon.colcon_core.verb:set package 'my_robot_bringup' build argument 'cmake_force_configure' from command line to 'False'
[6.136s] Level 5:colcon.colcon_core.verb:set package 'my_robot_bringup' build argument 'ament_cmake_args' from command line to 'None'
[6.136s] Level 5:colcon.colcon_core.verb:set package 'my_robot_bringup' build argument 'catkin_cmake_args' from command line to 'None'
[6.137s] Level 5:colcon.colcon_core.verb:set package 'my_robot_bringup' build argument 'catkin_skip_building_tests' from command line to 'False'
[6.137s] DEBUG:colcon.colcon_core.verb:Building package 'my_robot_bringup' with the following arguments: {'ament_cmake_args': None, 'build_base': '/home/imen/ros_test/build/my_robot_bringup', 'catkin_cmake_args': None, 'catkin_skip_building_tests': False, 'cmake_args': None, 'cmake_clean_cache': False, 'cmake_clean_first': False, 'cmake_force_configure': False, 'cmake_target': None, 'cmake_target_skip_unavailable': False, 'install_base': '/home/imen/ros_test/install/my_robot_bringup', 'merge_install': False, 'path': '/home/imen/ros_test/src/my_robot_bringup', 'symlink_install': False, 'test_result_base': None}
[6.223s] INFO:colcon.colcon_core.executor:Executing jobs using 'parallel' executor
[6.312s] DEBUG:colcon.colcon_parallel_executor.executor.parallel:run_until_complete
[6.312s] INFO:colcon.colcon_ros.task.ament_cmake.build:Building ROS package in '/home/imen/ros_test/src/my_robot_description' with build type 'ament_cmake'
[6.312s] INFO:colcon.colcon_cmake.task.cmake.build:Building CMake package in '/home/imen/ros_test/src/my_robot_description'
[6.407s] INFO:colcon.colcon_core.plugin_system:Skipping extension 'colcon_core.shell.bat': Not used on non-Windows systems
[6.407s] INFO:colcon.colcon_core.shell:Skip shell extension 'powershell' for command environment: Not usable outside of PowerShell
[6.408s] DEBUG:colcon.colcon_core.shell:Skip shell extension 'dsv' for command environment
[6.690s] DEBUG:colcon.colcon_core.event_handler.log_command:Invoking command in '/home/imen/ros_test/build/my_robot_description': CMAKE_PREFIX_PATH=${CMAKE_PREFIX_PATH}:/opt/ros/foxy /usr/bin/cmake --build /home/imen/ros_test/build/my_robot_description -- -j8 -l8
[6.720s] DEBUG:colcon.colcon_core.event_handler.log_command:Invoked command in '/home/imen/ros_test/build/my_robot_description' returned '0': CMAKE_PREFIX_PATH=${CMAKE_PREFIX_PATH}:/opt/ros/foxy /usr/bin/cmake --build /home/imen/ros_test/build/my_robot_description -- -j8 -l8
[6.749s] DEBUG:colcon.colcon_core.event_handler.log_command:Invoking command in '/home/imen/ros_test/build/my_robot_description': CMAKE_PREFIX_PATH=${CMAKE_PREFIX_PATH}:/opt/ros/foxy /usr/bin/cmake --install /home/imen/ros_test/build/my_robot_description
[6.759s] Level 1:colcon.colcon_core.environment:create_environment_scripts_only(my_robot_description)
[6.760s] DEBUG:colcon.colcon_core.event_handler.log_command:Invoked command in '/home/imen/ros_test/build/my_robot_description' returned '0': CMAKE_PREFIX_PATH=${CMAKE_PREFIX_PATH}:/opt/ros/foxy /usr/bin/cmake --install /home/imen/ros_test/build/my_robot_description
[6.860s] Level 1:colcon.colcon_core.environment:checking '/home/imen/ros_test/install/my_robot_description' for CMake module files
[6.861s] Level 1:colcon.colcon_core.environment:checking '/home/imen/ros_test/install/my_robot_description' for CMake config files
[6.861s] Level 1:colcon.colcon_core.shell:create_environment_hook('my_robot_description', 'cmake_prefix_path')
[6.951s] INFO:colcon.colcon_core.shell:Creating environment hook '/home/imen/ros_test/install/my_robot_description/share/my_robot_description/hook/cmake_prefix_path.ps1'
[6.951s] INFO:colcon.colcon_core.shell:Creating environment descriptor '/home/imen/ros_test/install/my_robot_description/share/my_robot_description/hook/cmake_prefix_path.dsv'
[6.952s] INFO:colcon.colcon_core.shell:Creating environment hook '/home/imen/ros_test/install/my_robot_description/share/my_robot_description/hook/cmake_prefix_path.sh'
[6.953s] Level 1:colcon.colcon_core.environment:checking '/home/imen/ros_test/install/my_robot_description/bin'
[6.953s] Level 1:colcon.colcon_core.environment:checking '/home/imen/ros_test/install/my_robot_description/lib/pkgconfig/my_robot_description.pc'
[6.953s] Level 1:colcon.colcon_core.environment:checking '/home/imen/ros_test/install/my_robot_description/lib/python3.8/site-packages'
[6.953s] Level 1:colcon.colcon_core.environment:checking '/home/imen/ros_test/install/my_robot_description/bin'
[7.044s] INFO:colcon.colcon_core.shell:Creating package script '/home/imen/ros_test/install/my_robot_description/share/my_robot_description/package.ps1'
[7.044s] INFO:colcon.colcon_core.shell:Creating package descriptor '/home/imen/ros_test/install/my_robot_description/share/my_robot_description/package.dsv'
[7.045s] INFO:colcon.colcon_core.shell:Creating package script '/home/imen/ros_test/install/my_robot_description/share/my_robot_description/package.sh'
[7.045s] INFO:colcon.colcon_core.shell:Creating package script '/home/imen/ros_test/install/my_robot_description/share/my_robot_description/package.bash'
[7.046s] INFO:colcon.colcon_core.shell:Creating package script '/home/imen/ros_test/install/my_robot_description/share/my_robot_description/package.zsh'
[7.047s] Level 1:colcon.colcon_core.environment:create_file_with_runtime_dependencies(/home/imen/ros_test/install/my_robot_description/share/colcon-core/packages/my_robot_description)
[7.157s] Level 1:colcon.colcon_core.environment:create_environment_scripts_only(my_robot_description)
[7.247s] Level 1:colcon.colcon_core.environment:checking '/home/imen/ros_test/install/my_robot_description' for CMake module files
[7.247s] Level 1:colcon.colcon_core.environment:checking '/home/imen/ros_test/install/my_robot_description' for CMake config files
[7.247s] Level 1:colcon.colcon_core.shell:create_environment_hook('my_robot_description', 'cmake_prefix_path')
[7.339s] INFO:colcon.colcon_core.shell:Creating environment hook '/home/imen/ros_test/install/my_robot_description/share/my_robot_description/hook/cmake_prefix_path.ps1'
[7.339s] INFO:colcon.colcon_core.shell:Creating environment descriptor '/home/imen/ros_test/install/my_robot_description/share/my_robot_description/hook/cmake_prefix_path.dsv'
[7.339s] INFO:colcon.colcon_core.shell:Creating environment hook '/home/imen/ros_test/install/my_robot_description/share/my_robot_description/hook/cmake_prefix_path.sh'
[7.340s] Level 1:colcon.colcon_core.environment:checking '/home/imen/ros_test/install/my_robot_description/bin'
[7.340s] Level 1:colcon.colcon_core.environment:checking '/home/imen/ros_test/install/my_robot_description/lib/pkgconfig/my_robot_description.pc'
[7.340s] Level 1:colcon.colcon_core.environment:checking '/home/imen/ros_test/install/my_robot_description/lib/python3.8/site-packages'
[7.340s] Level 1:colcon.colcon_core.environment:checking '/home/imen/ros_test/install/my_robot_description/bin'
[7.433s] INFO:colcon.colcon_core.shell:Creating package script '/home/imen/ros_test/install/my_robot_description/share/my_robot_description/package.ps1'
[7.433s] INFO:colcon.colcon_core.shell:Creating package descriptor '/home/imen/ros_test/install/my_robot_description/share/my_robot_description/package.dsv'
[7.434s] INFO:colcon.colcon_core.shell:Creating package script '/home/imen/ros_test/install/my_robot_description/share/my_robot_description/package.sh'
[7.434s] INFO:colcon.colcon_core.shell:Creating package script '/home/imen/ros_test/install/my_robot_description/share/my_robot_description/package.bash'
[7.434s] INFO:colcon.colcon_core.shell:Creating package script '/home/imen/ros_test/install/my_robot_description/share/my_robot_description/package.zsh'
[7.435s] Level 1:colcon.colcon_core.environment:create_file_with_runtime_dependencies(/home/imen/ros_test/install/my_robot_description/share/colcon-core/packages/my_robot_description)
[7.435s] INFO:colcon.colcon_ros.task.ament_cmake.build:Building ROS package in '/home/imen/ros_test/src/my_robot_bringup' with build type 'ament_cmake'
[7.435s] INFO:colcon.colcon_cmake.task.cmake.build:Building CMake package in '/home/imen/ros_test/src/my_robot_bringup'
[7.529s] INFO:colcon.colcon_core.shell:Skip shell extension 'powershell' for command environment: Not usable outside of PowerShell
[7.529s] DEBUG:colcon.colcon_core.shell:Skip shell extension 'dsv' for command environment
[7.811s] DEBUG:colcon.colcon_core.event_handler.log_command:Invoking command in '/home/imen/ros_test/build/my_robot_bringup': CMAKE_PREFIX_PATH=/home/imen/ros_test/install/my_robot_description:/home/imen/ros_test/install/my_robot_bringup:/opt/ros/foxy /usr/bin/cmake --build /home/imen/ros_test/build/my_robot_bringup -- -j8 -l8
[7.842s] DEBUG:colcon.colcon_core.event_handler.log_command:Invoked command in '/home/imen/ros_test/build/my_robot_bringup' returned '0': CMAKE_PREFIX_PATH=/home/imen/ros_test/install/my_robot_description:/home/imen/ros_test/install/my_robot_bringup:/opt/ros/foxy /usr/bin/cmake --build /home/imen/ros_test/build/my_robot_bringup -- -j8 -l8
[7.862s] DEBUG:colcon.colcon_core.event_handler.log_command:Invoking command in '/home/imen/ros_test/build/my_robot_bringup': CMAKE_PREFIX_PATH=/home/imen/ros_test/install/my_robot_description:/home/imen/ros_test/install/my_robot_bringup:/opt/ros/foxy /usr/bin/cmake --install /home/imen/ros_test/build/my_robot_bringup
[7.872s] Level 1:colcon.colcon_core.environment:create_environment_scripts_only(my_robot_bringup)
[7.873s] DEBUG:colcon.colcon_core.event_handler.log_command:Invoked command in '/home/imen/ros_test/build/my_robot_bringup' returned '0': CMAKE_PREFIX_PATH=/home/imen/ros_test/install/my_robot_description:/home/imen/ros_test/install/my_robot_bringup:/opt/ros/foxy /usr/bin/cmake --install /home/imen/ros_test/build/my_robot_bringup
[7.968s] Level 1:colcon.colcon_core.environment:checking '/home/imen/ros_test/install/my_robot_bringup' for CMake module files
[7.968s] Level 1:colcon.colcon_core.environment:checking '/home/imen/ros_test/install/my_robot_bringup' for CMake config files
[7.969s] Level 1:colcon.colcon_core.shell:create_environment_hook('my_robot_bringup', 'cmake_prefix_path')
[8.058s] INFO:colcon.colcon_core.shell:Creating environment hook '/home/imen/ros_test/install/my_robot_bringup/share/my_robot_bringup/hook/cmake_prefix_path.ps1'
[8.058s] INFO:colcon.colcon_core.shell:Creating environment descriptor '/home/imen/ros_test/install/my_robot_bringup/share/my_robot_bringup/hook/cmake_prefix_path.dsv'
[8.059s] INFO:colcon.colcon_core.shell:Creating environment hook '/home/imen/ros_test/install/my_robot_bringup/share/my_robot_bringup/hook/cmake_prefix_path.sh'
[8.059s] Level 1:colcon.colcon_core.environment:checking '/home/imen/ros_test/install/my_robot_bringup/bin'
[8.059s] Level 1:colcon.colcon_core.environment:checking '/home/imen/ros_test/install/my_robot_bringup/lib/pkgconfig/my_robot_bringup.pc'
[8.059s] Level 1:colcon.colcon_core.environment:checking '/home/imen/ros_test/install/my_robot_bringup/lib/python3.8/site-packages'
[8.060s] Level 1:colcon.colcon_core.environment:checking '/home/imen/ros_test/install/my_robot_bringup/bin'
[8.150s] INFO:colcon.colcon_core.shell:Creating package script '/home/imen/ros_test/install/my_robot_bringup/share/my_robot_bringup/package.ps1'
[8.150s] INFO:colcon.colcon_core.shell:Creating package descriptor '/home/imen/ros_test/install/my_robot_bringup/share/my_robot_bringup/package.dsv'
[8.150s] INFO:colcon.colcon_core.shell:Creating package script '/home/imen/ros_test/install/my_robot_bringup/share/my_robot_bringup/package.sh'
[8.151s] INFO:colcon.colcon_core.shell:Creating package script '/home/imen/ros_test/install/my_robot_bringup/share/my_robot_bringup/package.bash'
[8.151s] INFO:colcon.colcon_core.shell:Creating package script '/home/imen/ros_test/install/my_robot_bringup/share/my_robot_bringup/package.zsh'
[8.151s] Level 1:colcon.colcon_core.environment:create_file_with_runtime_dependencies(/home/imen/ros_test/install/my_robot_bringup/share/colcon-core/packages/my_robot_bringup)
[8.258s] Level 1:colcon.colcon_core.environment:create_environment_scripts_only(my_robot_bringup)
[8.348s] Level 1:colcon.colcon_core.environment:checking '/home/imen/ros_test/install/my_robot_bringup' for CMake module files
[8.348s] Level 1:colcon.colcon_core.environment:checking '/home/imen/ros_test/install/my_robot_bringup' for CMake config files
[8.349s] Level 1:colcon.colcon_core.shell:create_environment_hook('my_robot_bringup', 'cmake_prefix_path')
[8.438s] INFO:colcon.colcon_core.shell:Creating environment hook '/home/imen/ros_test/install/my_robot_bringup/share/my_robot_bringup/hook/cmake_prefix_path.ps1'
[8.439s] INFO:colcon.colcon_core.shell:Creating environment descriptor '/home/imen/ros_test/install/my_robot_bringup/share/my_robot_bringup/hook/cmake_prefix_path.dsv'
[8.439s] INFO:colcon.colcon_core.shell:Creating environment hook '/home/imen/ros_test/install/my_robot_bringup/share/my_robot_bringup/hook/cmake_prefix_path.sh'
[8.440s] Level 1:colcon.colcon_core.environment:checking '/home/imen/ros_test/install/my_robot_bringup/bin'
[8.440s] Level 1:colcon.colcon_core.environment:checking '/home/imen/ros_test/install/my_robot_bringup/lib/pkgconfig/my_robot_bringup.pc'
[8.440s] Level 1:colcon.colcon_core.environment:checking '/home/imen/ros_test/install/my_robot_bringup/lib/python3.8/site-packages'
[8.440s] Level 1:colcon.colcon_core.environment:checking '/home/imen/ros_test/install/my_robot_bringup/bin'
[8.552s] INFO:colcon.colcon_core.shell:Creating package script '/home/imen/ros_test/install/my_robot_bringup/share/my_robot_bringup/package.ps1'
[8.553s] INFO:colcon.colcon_core.shell:Creating package descriptor '/home/imen/ros_test/install/my_robot_bringup/share/my_robot_bringup/package.dsv'
[8.554s] INFO:colcon.colcon_core.shell:Creating package script '/home/imen/ros_test/install/my_robot_bringup/share/my_robot_bringup/package.sh'
[8.555s] INFO:colcon.colcon_core.shell:Creating package script '/home/imen/ros_test/install/my_robot_bringup/share/my_robot_bringup/package.bash'
[8.556s] INFO:colcon.colcon_core.shell:Creating package script '/home/imen/ros_test/install/my_robot_bringup/share/my_robot_bringup/package.zsh'
[8.557s] Level 1:colcon.colcon_core.environment:create_file_with_runtime_dependencies(/home/imen/ros_test/install/my_robot_bringup/share/colcon-core/packages/my_robot_bringup)
[8.558s] DEBUG:colcon.colcon_parallel_executor.executor.parallel:closing loop
[8.559s] DEBUG:colcon.colcon_parallel_executor.executor.parallel:loop closed
[8.559s] DEBUG:colcon.colcon_parallel_executor.executor.parallel:run_until_complete finished with '0'
[8.559s] DEBUG:colcon.colcon_core.event_reactor:joining thread
[8.704s] INFO:colcon.colcon_core.plugin_system:Skipping extension 'colcon_notification.desktop_notification.terminal_notifier': Not used on non-Darwin systems
[8.704s] INFO:colcon.colcon_core.plugin_system:Skipping extension 'colcon_notification.desktop_notification.win32': Not used on non-Windows systems
[8.704s] INFO:colcon.colcon_notification.desktop_notification:Sending desktop notification using 'notify2'
[8.716s] DEBUG:colcon.colcon_core.event_reactor:joined thread
[8.815s] INFO:colcon.colcon_core.shell:Creating prefix script '/home/imen/ros_test/install/local_setup.ps1'
[8.816s] INFO:colcon.colcon_core.shell:Creating prefix util module '/home/imen/ros_test/install/_local_setup_util_ps1.py'
[8.817s] INFO:colcon.colcon_core.shell:Creating prefix chain script '/home/imen/ros_test/install/setup.ps1'
[8.910s] INFO:colcon.colcon_core.shell:Creating prefix script '/home/imen/ros_test/install/local_setup.sh'
[8.910s] INFO:colcon.colcon_core.shell:Creating prefix util module '/home/imen/ros_test/install/_local_setup_util_sh.py'
[8.911s] INFO:colcon.colcon_core.shell:Creating prefix chain script '/home/imen/ros_test/install/setup.sh'
[9.004s] INFO:colcon.colcon_core.shell:Creating prefix script '/home/imen/ros_test/install/local_setup.bash'
[9.004s] INFO:colcon.colcon_core.shell:Creating prefix chain script '/home/imen/ros_test/install/setup.bash'
[9.093s] INFO:colcon.colcon_core.shell:Creating prefix script '/home/imen/ros_test/install/local_setup.zsh'
[9.093s] INFO:colcon.colcon_core.shell:Creating prefix chain script '/home/imen/ros_test/install/setup.zsh'
