[1.324s] Invoking command in '/home/imen/ros_test/build/autris_description': CMAKE_PREFIX_PATH=/opt/ros/foxy /usr/bin/cmake /home/imen/ros_test/src/my_robot_description -DCMAKE_INSTALL_PREFIX=/home/imen/ros_test/install/autris_description
[1.520s] -- The C compiler identification is GNU 9.4.0
[1.681s] -- The CXX compiler identification is GNU 9.4.0
[1.694s] -- Check for working C compiler: /usr/bin/cc
[1.834s] -- Check for working C compiler: /usr/bin/cc -- works
[1.836s] -- Detecting C compiler ABI info
[1.961s] -- Detecting C compiler ABI info - done
[1.991s] -- Detecting C compile features
[1.992s] -- Detecting C compile features - done
[2.001s] -- Check for working CXX compiler: /usr/bin/c++
[2.157s] -- Check for working CXX compiler: /usr/bin/c++ -- works
[2.160s] -- Detecting CXX compiler ABI info
[2.312s] -- Detecting CXX compiler ABI info - done
[2.339s] -- Detecting CXX compile features
[2.340s] -- Detecting CXX compile features - done
[2.345s] -- Found ament_cmake: 0.9.12 (/opt/ros/foxy/share/ament_cmake/cmake)
[2.396s] -- Found PythonInterp: /usr/bin/python3 (found suitable version "3.8.10", minimum required is "3") 
[2.397s] -- Using PYTHON_EXECUTABLE: /usr/bin/python3
[2.939s] CMake Error at /opt/ros/foxy/share/ament_cmake_core/cmake/core/ament_package_xml.cmake:53 (message):
[2.939s]   ament_package_xml() package name 'autris_description' in '/package.xml'
[2.939s]   does not match current PROJECT_NAME 'my_robot_description'.  You must call
[2.940s]   project() with the same package name before.
[2.940s] Call Stack (most recent call first):
[2.940s]   /opt/ros/foxy/share/ament_cmake_core/cmake/core/ament_package.cmake:63 (ament_package_xml)
[2.940s]   CMakeLists.txt:16 (ament_package)
[2.941s] 
[2.941s] 
[2.941s] -- Configuring incomplete, errors occurred!
[2.941s] See also "/home/imen/ros_test/build/autris_description/CMakeFiles/CMakeOutput.log".
[2.947s] Invoked command in '/home/imen/ros_test/build/autris_description' returned '1': CMAKE_PREFIX_PATH=/opt/ros/foxy /usr/bin/cmake /home/imen/ros_test/src/my_robot_description -DCMAKE_INSTALL_PREFIX=/home/imen/ros_test/install/autris_description
